{"C:\\wamp64\\www\\Fingrafimi\\game.js":{"path":"C:\\wamp64\\www\\Fingrafimi\\game.js","s":{"1":1,"2":1,"3":1,"4":0,"5":0,"6":0,"7":0,"8":0,"9":0,"10":0,"11":0,"12":0,"13":0,"14":0,"15":0,"16":0,"17":0,"18":0,"19":0,"20":0,"21":0,"22":0,"23":0,"24":0,"25":0,"26":0,"27":0,"28":0,"29":0,"30":0,"31":0,"32":0,"33":0,"34":0,"35":0,"36":1,"37":0,"38":0,"39":0,"40":0,"41":0,"42":0,"43":0,"44":0,"45":0,"46":0,"47":0,"48":0,"49":0,"50":0,"51":0,"52":0,"53":0,"54":0,"55":0,"56":0,"57":0,"58":0,"59":0,"60":0,"61":0,"62":0,"63":0,"64":0,"65":0,"66":0,"67":0,"68":0,"69":0,"70":0,"71":0,"72":0,"73":0,"74":0,"75":0,"76":0,"77":0,"78":0,"79":0,"80":0,"81":0,"82":0,"83":0,"84":0,"85":0,"86":0,"87":0,"88":0,"89":0,"90":0,"91":0,"92":0,"93":0,"94":0,"95":0,"96":0,"97":0,"98":0,"99":0,"100":0,"101":0,"102":0,"103":0,"104":0,"105":0,"106":0,"107":0,"108":0,"109":0,"110":0,"111":0,"112":0,"113":0,"114":0,"115":0,"116":0,"117":0,"118":0,"119":0,"120":0,"121":0,"122":0,"123":0,"124":0,"125":0,"126":0,"127":0,"128":0,"129":0,"130":0,"131":0,"132":0,"133":0,"134":0,"135":0,"136":0,"137":0,"138":0,"139":0,"140":0,"141":0,"142":0,"143":0,"144":0,"145":0,"146":0,"147":0,"148":0,"149":0,"150":0,"151":0,"152":0,"153":0,"154":0,"155":0,"156":0,"157":0,"158":0,"159":0,"160":0,"161":0,"162":0,"163":0,"164":0,"165":0,"166":0,"167":0,"168":0,"169":0,"170":0,"171":0,"172":0,"173":0,"174":0,"175":0,"176":0,"177":0,"178":0,"179":0,"180":0,"181":0,"182":0,"183":0,"184":0,"185":0,"186":0,"187":0,"188":0,"189":0,"190":0,"191":0,"192":0,"193":0,"194":0,"195":0,"196":0,"197":0,"198":0,"199":0,"200":0,"201":0,"202":0,"203":0,"204":0,"205":0,"206":0,"207":0,"208":0,"209":0,"210":0,"211":0,"212":0,"213":0,"214":0,"215":0,"216":0,"217":0,"218":0,"219":0,"220":0,"221":0,"222":0,"223":0,"224":0,"225":0,"226":0,"227":0,"228":0,"229":0,"230":0,"231":0,"232":0,"233":0,"234":0,"235":0,"236":0,"237":0,"238":0,"239":0,"240":0,"241":0,"242":0,"243":0,"244":0,"245":0,"246":0,"247":0,"248":0,"249":0,"250":0,"251":0,"252":0,"253":0,"254":1,"255":0,"256":0,"257":0,"258":0,"259":0,"260":0,"261":0,"262":0,"263":0,"264":0,"265":0,"266":0,"267":0,"268":0,"269":0,"270":0,"271":0,"272":0,"273":0,"274":0,"275":0,"276":0,"277":0,"278":0,"279":0,"280":0,"281":0,"282":0,"283":0,"284":0,"285":0,"286":0,"287":0,"288":0,"289":0,"290":0,"291":0,"292":0,"293":0,"294":0,"295":0,"296":0,"297":0,"298":0,"299":0,"300":0,"301":0,"302":0,"303":0,"304":0,"305":0,"306":0,"307":0,"308":0,"309":0,"310":0,"311":0,"312":0,"313":0,"314":0,"315":0,"316":0,"317":0,"318":0,"319":0,"320":0,"321":0,"322":0,"323":0,"324":0,"325":0,"326":0,"327":0,"328":0,"329":0,"330":0,"331":0,"332":0,"333":0,"334":0,"335":0,"336":0,"337":0,"338":0,"339":0,"340":0,"341":0,"342":1,"343":0,"344":0,"345":0,"346":0,"347":0,"348":0,"349":0,"350":0,"351":0,"352":0,"353":0,"354":0,"355":0,"356":0,"357":0,"358":0,"359":0,"360":0,"361":0,"362":0,"363":0,"364":0,"365":0,"366":0,"367":0,"368":0,"369":0,"370":0,"371":0,"372":0,"373":1,"374":0,"375":0,"376":0,"377":0,"378":0,"379":0,"380":0,"381":0,"382":0,"383":0,"384":0,"385":0,"386":0,"387":0,"388":0,"389":0,"390":0,"391":0,"392":0,"393":0,"394":0,"395":0,"396":0,"397":0,"398":0,"399":0,"400":0,"401":0,"402":0,"403":0,"404":0,"405":0,"406":0,"407":0,"408":0,"409":0,"410":0,"411":0,"412":0,"413":0,"414":0,"415":0,"416":0,"417":0,"418":0,"419":0,"420":0,"421":0,"422":0,"423":0,"424":0,"425":0,"426":0,"427":0,"428":0,"429":0,"430":0,"431":0,"432":0,"433":0,"434":0,"435":0,"436":0,"437":0,"438":0,"439":0,"440":1,"441":0,"442":0,"443":0,"444":0,"445":1,"446":0,"447":0,"448":1,"449":0,"450":0,"451":0,"452":1,"453":0,"454":0,"455":0,"456":0,"457":0,"458":0,"459":0,"460":0,"461":0,"462":0,"463":0,"464":0,"465":0,"466":0,"467":0,"468":0,"469":0,"470":0,"471":0,"472":0,"473":0,"474":0,"475":0,"476":0,"477":0,"478":0,"479":0,"480":0,"481":0,"482":0,"483":0,"484":0,"485":0,"486":0,"487":0,"488":1,"489":0,"490":0,"491":0,"492":1,"493":0,"494":0,"495":0,"496":0,"497":0,"498":0,"499":0,"500":0,"501":0,"502":0,"503":0,"504":0,"505":0,"506":0,"507":0,"508":0,"509":0,"510":0,"511":0,"512":0,"513":0,"514":0,"515":0,"516":0,"517":0,"518":0,"519":0,"520":0,"521":0,"522":0,"523":0,"524":0,"525":0,"526":0,"527":0,"528":0,"529":0,"530":0,"531":0,"532":0,"533":0,"534":0,"535":0,"536":0,"537":0,"538":0,"539":0,"540":0,"541":0,"542":0,"543":0,"544":0,"545":0,"546":0,"547":0,"548":0,"549":0,"550":0,"551":0,"552":0,"553":0,"554":0,"555":0,"556":0,"557":0,"558":0,"559":0,"560":0,"561":0,"562":0,"563":0,"564":0,"565":0,"566":0,"567":0,"568":0,"569":0,"570":0,"571":0,"572":0,"573":0,"574":0,"575":0,"576":0,"577":0,"578":0,"579":0,"580":0,"581":0,"582":0,"583":1,"584":0,"585":0,"586":0,"587":0,"588":1,"589":0,"590":0,"591":0,"592":0,"593":0,"594":0,"595":0,"596":1,"597":0,"598":0,"599":0,"600":0,"601":0,"602":0,"603":0,"604":0,"605":0,"606":0,"607":0,"608":0,"609":0,"610":1,"611":0,"612":0,"613":0,"614":0,"615":0,"616":1,"617":0,"618":0,"619":0,"620":0,"621":0,"622":0,"623":0,"624":1,"625":0,"626":0,"627":1,"628":0,"629":0,"630":0,"631":0,"632":0,"633":0,"634":0,"635":0,"636":0,"637":0,"638":0,"639":0,"640":0,"641":1,"642":0,"643":0,"644":0,"645":0,"646":0,"647":0,"648":0,"649":0,"650":1,"651":0,"652":0,"653":0,"654":0,"655":0,"656":0,"657":0,"658":0,"659":0,"660":0,"661":0,"662":0,"663":0,"664":1,"665":0,"666":0,"667":0,"668":0,"669":0,"670":0,"671":0,"672":0,"673":0,"674":0,"675":0,"676":0,"677":0,"678":0,"679":0,"680":0,"681":0,"682":0,"683":0,"684":0,"685":0,"686":0,"687":0,"688":0,"689":0,"690":0,"691":0,"692":0,"693":0,"694":0,"695":0,"696":0,"697":0,"698":0,"699":0,"700":0,"701":0,"702":0,"703":0,"704":0,"705":0,"706":0,"707":0,"708":0,"709":0,"710":0,"711":0,"712":0,"713":0,"714":0,"715":0,"716":0,"717":0,"718":0,"719":0,"720":0,"721":0,"722":0,"723":0,"724":0,"725":0,"726":1,"727":0,"728":0,"729":1,"730":0,"731":0,"732":0,"733":0,"734":0,"735":0,"736":0,"737":0,"738":0,"739":0,"740":0,"741":0,"742":0,"743":0,"744":0,"745":0,"746":0,"747":0,"748":0,"749":0,"750":0,"751":0,"752":0,"753":0,"754":0,"755":0,"756":0,"757":0,"758":0,"759":0,"760":0,"761":0,"762":0,"763":0,"764":0,"765":0,"766":1,"767":0,"768":0,"769":0,"770":0,"771":0,"772":0,"773":0,"774":0,"775":0,"776":0,"777":0,"778":0,"779":0,"780":0,"781":0,"782":0,"783":1,"784":0,"785":0,"786":0,"787":0,"788":0,"789":0,"790":0,"791":0,"792":0,"793":0,"794":0,"795":0,"796":0,"797":0,"798":1,"799":0,"800":0,"801":0,"802":0,"803":0,"804":0,"805":0,"806":0,"807":0,"808":0,"809":0,"810":0,"811":0,"812":0,"813":0,"814":0,"815":0,"816":0,"817":0,"818":0,"819":0,"820":0,"821":0,"822":0,"823":0,"824":0,"825":0,"826":0,"827":0,"828":0,"829":0,"830":0,"831":0,"832":0,"833":0,"834":0,"835":0,"836":0,"837":0,"838":0,"839":0,"840":0,"841":0,"842":0,"843":0,"844":0,"845":0,"846":0,"847":0,"848":0,"849":0,"850":0,"851":0,"852":0,"853":0,"854":0,"855":0,"856":0,"857":1,"858":0,"859":0,"860":1,"861":0,"862":0,"863":0,"864":0,"865":0,"866":0,"867":0,"868":0,"869":0,"870":0,"871":0,"872":0,"873":0,"874":0,"875":0,"876":0,"877":0,"878":1,"879":0,"880":0,"881":0,"882":0,"883":0,"884":0,"885":0,"886":0,"887":0,"888":0,"889":0,"890":0,"891":0,"892":0,"893":0,"894":0,"895":0,"896":0,"897":0,"898":0,"899":0,"900":0,"901":0,"902":0,"903":1,"904":0,"905":0,"906":0,"907":0,"908":0,"909":0,"910":0,"911":0,"912":0,"913":0,"914":0,"915":0,"916":0,"917":0,"918":0,"919":0,"920":0,"921":0,"922":0,"923":0,"924":0,"925":0,"926":0,"927":0,"928":0,"929":1,"930":0,"931":0,"932":0,"933":0,"934":0,"935":0,"936":0,"937":0,"938":0,"939":0,"940":0,"941":0,"942":0,"943":0,"944":0,"945":0,"946":0,"947":0,"948":0,"949":0,"950":0,"951":0,"952":0,"953":0,"954":1,"955":0,"956":0,"957":0,"958":0,"959":0,"960":0,"961":0,"962":0,"963":0,"964":0,"965":0,"966":0,"967":0,"968":0,"969":0,"970":0,"971":0,"972":0,"973":0,"974":0,"975":1,"976":0,"977":0,"978":0,"979":0,"980":0,"981":0,"982":0,"983":0,"984":0,"985":0,"986":0,"987":0,"988":0,"989":0,"990":0,"991":0,"992":0,"993":0,"994":0,"995":0,"996":1,"997":0,"998":0,"999":0,"1000":0,"1001":0,"1002":0,"1003":0,"1004":0,"1005":0,"1006":0,"1007":0,"1008":0,"1009":0,"1010":0,"1011":0,"1012":1,"1013":0,"1014":0,"1015":0,"1016":0,"1017":0,"1018":0,"1019":0,"1020":0,"1021":0,"1022":0,"1023":0,"1024":0,"1025":0,"1026":0,"1027":0,"1028":0,"1029":0,"1030":0,"1031":0,"1032":0,"1033":0,"1034":0,"1035":0,"1036":0,"1037":0,"1038":0,"1039":0,"1040":0,"1041":0,"1042":0,"1043":0,"1044":0,"1045":0,"1046":0,"1047":0,"1048":0,"1049":0,"1050":0,"1051":0,"1052":0,"1053":0,"1054":0,"1055":0,"1056":0,"1057":0,"1058":0,"1059":0,"1060":0,"1061":0,"1062":0,"1063":0,"1064":0,"1065":0,"1066":0,"1067":0,"1068":0,"1069":0,"1070":0,"1071":0,"1072":0,"1073":0,"1074":0,"1075":0,"1076":0,"1077":0,"1078":0,"1079":0,"1080":0,"1081":0,"1082":0,"1083":0,"1084":0,"1085":0,"1086":0,"1087":0,"1088":0,"1089":0,"1090":0,"1091":0,"1092":0,"1093":0,"1094":0,"1095":0,"1096":0,"1097":0,"1098":0,"1099":0,"1100":0,"1101":0,"1102":0,"1103":0,"1104":0,"1105":0,"1106":0,"1107":0,"1108":0,"1109":0,"1110":0,"1111":0,"1112":0,"1113":0,"1114":0,"1115":0,"1116":0,"1117":0,"1118":0,"1119":0,"1120":0,"1121":0,"1122":0,"1123":0,"1124":0,"1125":0,"1126":1,"1127":0,"1128":0,"1129":0,"1130":0,"1131":0,"1132":0,"1133":0,"1134":0,"1135":0,"1136":0,"1137":0,"1138":0,"1139":0,"1140":0,"1141":0,"1142":0,"1143":0,"1144":0,"1145":0,"1146":0,"1147":0,"1148":0,"1149":0,"1150":0,"1151":0,"1152":0,"1153":0,"1154":0,"1155":0,"1156":0,"1157":0,"1158":0,"1159":0,"1160":0,"1161":0,"1162":0,"1163":0,"1164":0,"1165":0,"1166":0,"1167":0,"1168":0,"1169":0,"1170":0,"1171":0,"1172":0,"1173":0,"1174":0,"1175":0,"1176":0,"1177":0,"1178":0,"1179":0,"1180":0,"1181":0,"1182":0,"1183":0,"1184":0,"1185":0,"1186":0,"1187":0,"1188":0,"1189":0,"1190":0,"1191":0,"1192":0,"1193":0,"1194":0,"1195":0,"1196":0,"1197":0,"1198":0,"1199":0,"1200":0,"1201":0,"1202":0,"1203":0,"1204":0,"1205":0,"1206":0,"1207":0,"1208":0,"1209":0,"1210":0,"1211":0,"1212":0,"1213":0,"1214":0,"1215":0,"1216":1,"1217":0,"1218":0,"1219":0,"1220":0,"1221":0,"1222":0,"1223":0,"1224":0,"1225":0,"1226":0,"1227":0,"1228":0,"1229":0,"1230":0,"1231":0,"1232":0,"1233":0,"1234":0,"1235":0,"1236":0,"1237":0,"1238":0,"1239":0,"1240":0,"1241":0,"1242":0,"1243":0,"1244":0,"1245":0,"1246":0,"1247":0,"1248":0,"1249":0,"1250":0,"1251":0,"1252":0,"1253":0,"1254":0,"1255":0,"1256":0,"1257":0,"1258":0,"1259":0,"1260":0,"1261":0,"1262":0,"1263":0,"1264":0,"1265":0,"1266":0,"1267":0,"1268":0,"1269":0,"1270":0,"1271":0,"1272":0,"1273":0,"1274":0,"1275":0,"1276":0,"1277":0,"1278":0,"1279":0,"1280":0,"1281":0,"1282":0,"1283":0,"1284":0,"1285":0,"1286":0,"1287":0,"1288":0,"1289":0,"1290":0,"1291":0,"1292":0,"1293":0,"1294":0,"1295":0,"1296":0,"1297":0,"1298":0,"1299":0,"1300":0,"1301":0,"1302":0,"1303":0,"1304":0,"1305":0,"1306":0,"1307":1,"1308":0,"1309":0,"1310":0,"1311":0,"1312":0,"1313":0,"1314":0,"1315":0,"1316":0,"1317":0,"1318":0,"1319":0,"1320":0,"1321":0,"1322":0,"1323":0,"1324":0,"1325":0,"1326":0,"1327":0,"1328":0,"1329":0,"1330":0,"1331":0,"1332":0,"1333":0,"1334":0,"1335":0,"1336":0,"1337":0,"1338":0,"1339":0,"1340":0,"1341":0,"1342":0,"1343":0,"1344":0,"1345":0,"1346":0,"1347":0,"1348":0,"1349":0,"1350":0,"1351":0,"1352":0,"1353":0,"1354":0,"1355":0,"1356":0,"1357":0,"1358":0,"1359":0,"1360":0,"1361":0,"1362":0,"1363":0,"1364":0,"1365":0,"1366":0,"1367":0,"1368":0,"1369":0,"1370":0,"1371":0,"1372":0,"1373":0,"1374":0,"1375":0,"1376":0,"1377":0,"1378":0,"1379":0,"1380":0,"1381":0,"1382":0,"1383":0,"1384":0,"1385":0,"1386":0,"1387":0,"1388":0,"1389":0,"1390":0,"1391":0,"1392":0,"1393":0,"1394":0,"1395":0,"1396":0,"1397":1,"1398":0,"1399":0,"1400":0,"1401":0,"1402":0,"1403":0,"1404":0,"1405":0,"1406":0,"1407":0,"1408":0,"1409":0,"1410":0,"1411":0,"1412":0,"1413":0,"1414":0,"1415":0,"1416":0,"1417":0,"1418":0,"1419":0,"1420":0,"1421":0,"1422":0,"1423":0,"1424":0,"1425":0,"1426":0,"1427":0,"1428":0,"1429":0,"1430":0,"1431":0,"1432":0,"1433":0,"1434":1,"1435":0,"1436":0,"1437":0,"1438":0,"1439":0,"1440":0,"1441":0,"1442":0,"1443":0,"1444":0,"1445":0,"1446":0,"1447":0,"1448":0,"1449":0,"1450":0,"1451":0,"1452":0,"1453":0,"1454":0,"1455":0,"1456":0,"1457":0,"1458":0,"1459":0,"1460":0,"1461":0,"1462":0,"1463":0,"1464":0,"1465":0,"1466":0,"1467":0,"1468":0,"1469":0,"1470":0,"1471":1,"1472":0,"1473":0,"1474":0,"1475":0,"1476":0,"1477":0,"1478":0,"1479":0,"1480":0,"1481":0,"1482":0,"1483":0,"1484":0,"1485":0,"1486":0,"1487":0,"1488":0,"1489":0,"1490":0,"1491":0,"1492":0,"1493":0,"1494":0,"1495":0,"1496":0,"1497":0,"1498":0,"1499":0,"1500":0,"1501":0,"1502":0,"1503":0,"1504":0,"1505":0,"1506":0,"1507":0,"1508":0,"1509":0,"1510":0,"1511":0,"1512":0,"1513":0,"1514":0,"1515":0,"1516":0,"1517":0,"1518":0,"1519":0,"1520":0,"1521":0,"1522":0,"1523":0,"1524":0,"1525":0,"1526":0,"1527":0,"1528":0,"1529":0,"1530":0,"1531":0,"1532":0,"1533":0,"1534":0,"1535":0,"1536":0,"1537":0,"1538":0,"1539":0,"1540":0,"1541":0,"1542":0,"1543":0,"1544":0,"1545":0,"1546":0,"1547":0,"1548":0,"1549":0,"1550":0,"1551":0,"1552":0,"1553":0,"1554":0,"1555":0,"1556":0,"1557":0,"1558":0,"1559":0,"1560":0,"1561":0,"1562":0,"1563":0,"1564":0,"1565":0,"1566":0,"1567":0,"1568":0,"1569":0,"1570":0,"1571":0,"1572":0,"1573":1,"1574":0,"1575":0,"1576":0,"1577":0,"1578":0,"1579":0,"1580":0,"1581":0,"1582":0,"1583":0,"1584":0,"1585":0,"1586":0,"1587":0,"1588":0,"1589":0,"1590":0,"1591":0,"1592":0,"1593":0,"1594":0,"1595":0,"1596":0,"1597":0,"1598":0,"1599":0,"1600":0,"1601":0,"1602":0,"1603":0,"1604":0,"1605":0,"1606":0,"1607":0,"1608":0,"1609":0,"1610":0,"1611":0,"1612":0,"1613":0,"1614":0,"1615":0,"1616":0,"1617":0,"1618":0,"1619":0,"1620":0,"1621":0,"1622":0,"1623":0,"1624":0,"1625":0,"1626":0,"1627":0,"1628":0,"1629":0,"1630":0,"1631":0,"1632":0,"1633":0,"1634":0,"1635":0,"1636":0,"1637":0,"1638":0,"1639":0,"1640":0,"1641":0,"1642":0,"1643":0,"1644":0,"1645":0,"1646":0,"1647":0,"1648":0,"1649":0,"1650":0,"1651":0,"1652":0,"1653":0,"1654":0,"1655":0,"1656":0,"1657":0,"1658":0,"1659":0,"1660":0,"1661":0,"1662":0,"1663":0,"1664":0,"1665":0,"1666":0,"1667":0,"1668":0,"1669":0,"1670":0,"1671":0,"1672":0,"1673":0,"1674":0,"1675":0,"1676":0,"1677":0,"1678":0,"1679":0,"1680":0,"1681":0,"1682":0,"1683":0,"1684":0,"1685":0,"1686":0,"1687":0,"1688":0,"1689":0,"1690":0,"1691":0,"1692":0,"1693":1,"1694":0,"1695":0,"1696":0,"1697":0,"1698":0,"1699":0,"1700":0,"1701":0,"1702":0,"1703":0,"1704":0,"1705":0,"1706":0,"1707":0,"1708":0,"1709":0,"1710":0,"1711":0,"1712":0,"1713":0,"1714":0,"1715":0,"1716":0,"1717":0,"1718":0,"1719":0,"1720":0,"1721":0,"1722":0,"1723":0,"1724":0,"1725":0,"1726":0,"1727":0,"1728":0,"1729":0,"1730":0,"1731":0,"1732":0,"1733":0,"1734":0,"1735":0,"1736":0,"1737":0,"1738":0,"1739":0,"1740":0,"1741":0,"1742":0,"1743":0,"1744":0,"1745":0,"1746":0,"1747":0,"1748":0,"1749":0,"1750":0,"1751":0,"1752":0,"1753":0,"1754":0,"1755":0,"1756":0,"1757":0,"1758":0,"1759":0,"1760":0,"1761":0,"1762":0,"1763":0,"1764":0,"1765":0,"1766":0,"1767":0,"1768":0,"1769":0,"1770":0,"1771":0,"1772":0,"1773":0,"1774":0,"1775":0,"1776":0,"1777":0,"1778":0,"1779":0,"1780":0,"1781":0,"1782":0,"1783":0,"1784":0,"1785":0,"1786":0,"1787":0,"1788":0,"1789":0,"1790":0,"1791":0,"1792":0,"1793":0,"1794":0,"1795":0,"1796":0,"1797":0,"1798":0,"1799":0,"1800":0,"1801":0,"1802":0,"1803":0,"1804":0,"1805":0,"1806":0,"1807":0,"1808":0,"1809":0,"1810":0,"1811":1,"1812":0,"1813":0,"1814":0,"1815":0,"1816":0,"1817":0,"1818":0,"1819":0,"1820":0,"1821":0,"1822":0,"1823":0,"1824":0,"1825":0,"1826":0,"1827":0,"1828":0,"1829":0,"1830":0,"1831":0,"1832":0,"1833":0,"1834":0,"1835":0,"1836":0,"1837":0,"1838":0,"1839":0,"1840":0,"1841":0,"1842":0,"1843":0,"1844":0,"1845":0,"1846":0,"1847":0,"1848":0,"1849":0,"1850":0,"1851":0,"1852":0,"1853":0,"1854":0,"1855":0,"1856":0,"1857":0,"1858":0,"1859":0,"1860":0,"1861":0,"1862":0,"1863":0,"1864":0,"1865":0,"1866":0,"1867":0,"1868":0,"1869":0,"1870":0,"1871":0,"1872":0,"1873":0,"1874":0,"1875":0,"1876":0,"1877":0,"1878":0,"1879":0,"1880":0,"1881":0,"1882":0,"1883":0,"1884":0,"1885":0,"1886":0,"1887":0,"1888":0,"1889":0,"1890":0,"1891":0,"1892":0,"1893":0,"1894":0,"1895":0,"1896":0,"1897":0,"1898":0,"1899":0,"1900":0,"1901":0,"1902":0,"1903":0,"1904":0,"1905":0,"1906":0,"1907":0,"1908":0,"1909":0,"1910":0,"1911":0,"1912":0,"1913":0,"1914":1,"1915":0,"1916":0,"1917":0,"1918":0,"1919":0,"1920":0,"1921":0,"1922":0,"1923":0,"1924":0,"1925":0,"1926":0,"1927":0,"1928":0,"1929":0,"1930":0,"1931":0,"1932":0,"1933":0,"1934":0,"1935":0,"1936":0,"1937":0,"1938":0,"1939":0,"1940":0,"1941":0,"1942":0,"1943":0,"1944":0,"1945":0,"1946":0,"1947":0,"1948":0,"1949":0,"1950":0,"1951":0,"1952":0,"1953":0,"1954":0,"1955":0,"1956":0,"1957":0,"1958":0,"1959":0,"1960":0,"1961":0,"1962":0,"1963":0,"1964":0,"1965":0,"1966":0,"1967":0,"1968":0,"1969":0,"1970":0,"1971":0,"1972":0,"1973":0,"1974":0,"1975":0,"1976":0,"1977":0,"1978":0,"1979":0,"1980":0,"1981":0,"1982":0,"1983":0,"1984":0,"1985":0,"1986":0,"1987":0,"1988":0,"1989":0,"1990":0,"1991":0,"1992":0,"1993":0,"1994":0,"1995":0,"1996":0,"1997":0,"1998":0,"1999":0,"2000":0,"2001":0,"2002":0,"2003":0,"2004":1,"2005":0,"2006":0,"2007":0,"2008":0,"2009":0,"2010":0,"2011":0,"2012":0,"2013":0,"2014":0,"2015":0,"2016":0,"2017":0,"2018":0,"2019":0,"2020":0,"2021":0,"2022":0,"2023":0,"2024":0,"2025":0,"2026":0,"2027":0,"2028":0,"2029":0,"2030":0,"2031":0,"2032":0,"2033":0,"2034":0,"2035":0,"2036":0,"2037":0,"2038":0,"2039":0,"2040":0,"2041":0,"2042":0,"2043":0,"2044":0,"2045":0,"2046":0,"2047":0,"2048":0,"2049":0,"2050":0,"2051":0,"2052":0,"2053":0,"2054":0,"2055":0,"2056":0,"2057":0,"2058":0,"2059":0,"2060":0,"2061":0,"2062":0,"2063":0,"2064":0,"2065":0,"2066":0,"2067":0,"2068":0,"2069":0,"2070":0,"2071":0,"2072":0,"2073":0,"2074":0,"2075":0,"2076":0,"2077":0,"2078":0,"2079":0,"2080":0,"2081":0,"2082":0,"2083":0,"2084":0,"2085":0,"2086":0,"2087":0,"2088":0,"2089":0,"2090":0,"2091":0,"2092":0,"2093":0,"2094":0,"2095":0,"2096":0,"2097":0,"2098":0,"2099":0,"2100":0,"2101":0,"2102":0,"2103":0,"2104":0,"2105":0,"2106":0,"2107":0,"2108":1,"2109":0,"2110":0,"2111":0,"2112":0,"2113":0,"2114":0,"2115":0,"2116":0,"2117":0,"2118":0},"b":{"1":[0,0],"2":[0,0],"3":[0,0],"4":[0,0,0,0,0,0],"5":[0,0],"6":[0,0],"7":[0,0],"8":[0,0],"9":[0,0],"10":[0,0],"11":[0,0],"12":[0,0,0,0,0,0],"13":[0,0],"14":[0,0],"15":[0,0],"16":[0,0],"17":[0,0],"18":[0,0],"19":[0,0],"20":[0,0],"21":[0,0],"22":[0,0],"23":[0,0],"24":[0,0],"25":[0,0],"26":[0,0],"27":[0,0],"28":[0,0],"29":[0,0],"30":[0,0],"31":[0,0],"32":[0,0],"33":[0,0],"34":[0,0],"35":[0,0],"36":[0,0],"37":[0,0],"38":[0,0],"39":[0,0],"40":[0,0],"41":[0,0],"42":[0,0],"43":[0,0],"44":[0,0],"45":[0,0],"46":[0,0],"47":[0,0],"48":[0,0],"49":[0,0],"50":[0,0],"51":[0,0],"52":[0,0],"53":[0,0],"54":[0,0],"55":[0,0],"56":[0,0],"57":[0,0],"58":[0,0],"59":[0,0],"60":[0,0],"61":[0,0],"62":[0,0],"63":[0,0,0,0,0,0,0,0,0,0,0,0],"64":[0,0,0,0,0,0,0,0,0,0,0,0],"65":[0,0],"66":[0,0],"67":[0,0],"68":[0,0],"69":[0,0],"70":[0,0],"71":[0,0],"72":[0,0],"73":[0,0],"74":[0,0],"75":[0,0],"76":[0,0],"77":[0,0],"78":[0,0,0,0],"79":[0,0],"80":[0,0],"81":[0,0],"82":[0,0],"83":[0,0],"84":[0,0],"85":[0,0],"86":[0,0],"87":[0,0],"88":[0,0],"89":[0,0],"90":[0,0],"91":[0,0],"92":[0,0],"93":[0,0],"94":[0,0],"95":[0,0,0,0],"96":[0,0],"97":[0,0],"98":[0,0,0,0],"99":[0,0],"100":[0,0],"101":[0,0],"102":[0,0],"103":[0,0],"104":[0,0],"105":[0,0],"106":[0,0,0,0],"107":[0,0],"108":[0,0],"109":[0,0],"110":[0,0],"111":[0,0],"112":[0,0],"113":[0,0],"114":[0,0],"115":[0,0],"116":[0,0],"117":[0,0],"118":[0,0],"119":[0,0],"120":[0,0],"121":[0,0],"122":[0,0],"123":[0,0],"124":[0,0],"125":[0,0],"126":[0,0],"127":[0,0],"128":[0,0],"129":[0,0],"130":[0,0],"131":[0,0],"132":[0,0],"133":[0,0],"134":[0,0],"135":[0,0],"136":[0,0],"137":[0,0],"138":[0,0],"139":[0,0],"140":[0,0],"141":[0,0],"142":[0,0],"143":[0,0],"144":[0,0],"145":[0,0],"146":[0,0],"147":[0,0],"148":[0,0],"149":[0,0],"150":[0,0],"151":[0,0],"152":[0,0],"153":[0,0],"154":[0,0],"155":[0,0],"156":[0,0],"157":[0,0],"158":[0,0],"159":[0,0],"160":[0,0],"161":[0,0],"162":[0,0],"163":[0,0],"164":[0,0],"165":[0,0],"166":[0,0],"167":[0,0],"168":[0,0],"169":[0,0],"170":[0,0],"171":[0,0],"172":[0,0],"173":[0,0],"174":[0,0],"175":[0,0],"176":[0,0],"177":[0,0],"178":[0,0],"179":[0,0],"180":[0,0],"181":[0,0],"182":[0,0],"183":[0,0],"184":[0,0],"185":[0,0],"186":[0,0],"187":[0,0],"188":[0,0],"189":[0,0],"190":[0,0],"191":[0,0],"192":[0,0],"193":[0,0],"194":[0,0],"195":[0,0],"196":[0,0],"197":[0,0],"198":[0,0],"199":[0,0],"200":[0,0],"201":[0,0],"202":[0,0],"203":[0,0],"204":[0,0],"205":[0,0],"206":[0,0],"207":[0,0],"208":[0,0],"209":[0,0],"210":[0,0],"211":[0,0],"212":[0,0],"213":[0,0],"214":[0,0],"215":[0,0],"216":[0,0],"217":[0,0],"218":[0,0],"219":[0,0],"220":[0,0],"221":[0,0],"222":[0,0],"223":[0,0],"224":[0,0],"225":[0,0],"226":[0,0],"227":[0,0]},"f":{"1":0,"2":0,"3":0,"4":0,"5":0,"6":0,"7":0,"8":0,"9":0,"10":0,"11":0,"12":0,"13":0,"14":0,"15":0,"16":0,"17":0,"18":0,"19":0,"20":0,"21":0,"22":0,"23":0,"24":0,"25":0,"26":0,"27":0,"28":0,"29":0,"30":0,"31":0,"32":0,"33":0,"34":0,"35":0,"36":0,"37":0,"38":0,"39":0,"40":0,"41":0,"42":0,"43":0,"44":0,"45":0,"46":0,"47":0,"48":0,"49":0,"50":0,"51":0,"52":0,"53":0,"54":0,"55":0,"56":0,"57":0,"58":0,"59":0,"60":0,"61":0,"62":0,"63":0,"64":0,"65":0,"66":0,"67":0,"68":0,"69":0,"70":0,"71":0,"72":0,"73":0,"74":0,"75":0,"76":0,"77":0,"78":0,"79":0,"80":0,"81":0,"82":0,"83":0,"84":0,"85":0,"86":0,"87":0,"88":0,"89":0,"90":0,"91":0,"92":0,"93":0,"94":0,"95":0,"96":0,"97":0,"98":0,"99":0,"100":0,"101":0,"102":0,"103":0,"104":0,"105":0,"106":0,"107":0,"108":0,"109":0,"110":0,"111":0,"112":0,"113":0,"114":0,"115":0,"116":0,"117":0,"118":0,"119":0,"120":0,"121":0,"122":0,"123":0,"124":0,"125":0,"126":0,"127":0,"128":0,"129":0,"130":0,"131":0,"132":0,"133":0,"134":0,"135":0,"136":0,"137":0,"138":0,"139":0,"140":0,"141":0,"142":0,"143":0,"144":0,"145":0,"146":0,"147":0,"148":0,"149":0,"150":0,"151":0,"152":0,"153":0,"154":0,"155":0,"156":0,"157":0,"158":0,"159":0,"160":0,"161":0,"162":0,"163":0,"164":0,"165":0,"166":0,"167":0,"168":0,"169":0,"170":0,"171":0,"172":0,"173":0,"174":0,"175":0,"176":0,"177":0,"178":0,"179":0,"180":0,"181":0,"182":0,"183":0,"184":0,"185":0,"186":0,"187":0,"188":0,"189":0,"190":0,"191":0,"192":0,"193":0,"194":0,"195":0,"196":0,"197":0,"198":0,"199":0,"200":0,"201":0,"202":0,"203":0,"204":0,"205":0,"206":0,"207":0,"208":0,"209":0,"210":0,"211":0,"212":0,"213":0,"214":0,"215":0,"216":0,"217":0,"218":0,"219":0,"220":0,"221":0,"222":0,"223":0,"224":0,"225":0,"226":0,"227":0,"228":0,"229":0,"230":0,"231":0,"232":0,"233":0,"234":0,"235":0,"236":0,"237":0,"238":0,"239":0,"240":0,"241":0,"242":0,"243":0,"244":0,"245":0,"246":0,"247":0,"248":0,"249":0,"250":0,"251":0,"252":0,"253":0,"254":0,"255":0,"256":0},"fnMap":{"1":{"name":"preload","line":56,"loc":{"start":{"line":56,"column":0},"end":{"line":57,"column":0}}},"2":{"name":"(anonymous_2)","line":304,"loc":{"start":{"line":304,"column":44},"end":{"line":305,"column":4}}},"3":{"name":"create","line":345,"loc":{"start":{"line":345,"column":0},"end":{"line":346,"column":0}}},"4":{"name":"update","line":451,"loc":{"start":{"line":451,"column":0},"end":{"line":452,"column":0}}},"5":{"name":"loadHomePage","line":533,"loc":{"start":{"line":533,"column":0},"end":{"line":534,"column":0}}},"6":{"name":"(anonymous_6)","line":551,"loc":{"start":{"line":551,"column":33},"end":{"line":551,"column":43}}},"7":{"name":"(anonymous_7)","line":555,"loc":{"start":{"line":555,"column":33},"end":{"line":555,"column":43}}},"8":{"name":"(anonymous_8)","line":559,"loc":{"start":{"line":559,"column":33},"end":{"line":559,"column":43}}},"9":{"name":"(anonymous_9)","line":563,"loc":{"start":{"line":563,"column":34},"end":{"line":563,"column":44}}},"10":{"name":"(anonymous_10)","line":567,"loc":{"start":{"line":567,"column":36},"end":{"line":567,"column":46}}},"11":{"name":"(anonymous_11)","line":571,"loc":{"start":{"line":571,"column":36},"end":{"line":571,"column":46}}},"12":{"name":"(anonymous_12)","line":575,"loc":{"start":{"line":575,"column":33},"end":{"line":575,"column":43}}},"13":{"name":"(anonymous_13)","line":579,"loc":{"start":{"line":579,"column":33},"end":{"line":579,"column":43}}},"14":{"name":"(anonymous_14)","line":583,"loc":{"start":{"line":583,"column":33},"end":{"line":583,"column":43}}},"15":{"name":"(anonymous_15)","line":587,"loc":{"start":{"line":587,"column":33},"end":{"line":587,"column":43}}},"16":{"name":"(anonymous_16)","line":591,"loc":{"start":{"line":591,"column":36},"end":{"line":591,"column":46}}},"17":{"name":"(anonymous_17)","line":595,"loc":{"start":{"line":595,"column":39},"end":{"line":595,"column":49}}},"18":{"name":"(anonymous_18)","line":608,"loc":{"start":{"line":608,"column":58},"end":{"line":608,"column":69}}},"19":{"name":"(anonymous_19)","line":611,"loc":{"start":{"line":611,"column":50},"end":{"line":611,"column":61}}},"20":{"name":"(anonymous_20)","line":614,"loc":{"start":{"line":614,"column":54},"end":{"line":614,"column":64}}},"21":{"name":"(anonymous_21)","line":619,"loc":{"start":{"line":619,"column":29},"end":{"line":619,"column":39}}},"22":{"name":"initTextVariables","line":626,"loc":{"start":{"line":626,"column":0},"end":{"line":627,"column":0}}},"23":{"name":"initWarmUps","line":635,"loc":{"start":{"line":635,"column":0},"end":{"line":636,"column":0}}},"24":{"name":"initGame","line":644,"loc":{"start":{"line":644,"column":0},"end":{"line":645,"column":0}}},"25":{"name":"Assignment","line":651,"loc":{"start":{"line":651,"column":0},"end":{"line":652,"column":0}}},"26":{"name":"(anonymous_26)","line":683,"loc":{"start":{"line":683,"column":53},"end":{"line":683,"column":63}}},"27":{"name":"(anonymous_27)","line":713,"loc":{"start":{"line":713,"column":39},"end":{"line":713,"column":49}}},"28":{"name":"stopKeyboardAnimations","line":718,"loc":{"start":{"line":718,"column":0},"end":{"line":719,"column":0}}},"29":{"name":"(anonymous_29)","line":720,"loc":{"start":{"line":720,"column":28},"end":{"line":721,"column":4}}},"30":{"name":"keyPress","line":730,"loc":{"start":{"line":730,"column":0},"end":{"line":731,"column":0}}},"31":{"name":"finishedAssignment","line":906,"loc":{"start":{"line":906,"column":0},"end":{"line":907,"column":0}}},"32":{"name":"findNextExercise","line":919,"loc":{"start":{"line":919,"column":0},"end":{"line":920,"column":0}}},"33":{"name":"addMuteButton","line":939,"loc":{"start":{"line":939,"column":0},"end":{"line":940,"column":0}}},"34":{"name":"(anonymous_34)","line":943,"loc":{"start":{"line":943,"column":35},"end":{"line":943,"column":45}}},"35":{"name":"(anonymous_35)","line":949,"loc":{"start":{"line":949,"column":34},"end":{"line":949,"column":44}}},"36":{"name":"muteSound","line":970,"loc":{"start":{"line":970,"column":0},"end":{"line":971,"column":0}}},"37":{"name":"addExitButton","line":984,"loc":{"start":{"line":984,"column":0},"end":{"line":985,"column":0}}},"38":{"name":"(anonymous_38)","line":988,"loc":{"start":{"line":988,"column":35},"end":{"line":988,"column":45}}},"39":{"name":"(anonymous_39)","line":989,"loc":{"start":{"line":989,"column":34},"end":{"line":989,"column":44}}},"40":{"name":"addLogo","line":996,"loc":{"start":{"line":996,"column":0},"end":{"line":997,"column":0}}},"41":{"name":"addLogoAndAssignmentID","line":1002,"loc":{"start":{"line":1002,"column":0},"end":{"line":1003,"column":0}}},"42":{"name":"(anonymous_42)","line":1005,"loc":{"start":{"line":1005,"column":32},"end":{"line":1005,"column":42}}},"43":{"name":"(anonymous_43)","line":1010,"loc":{"start":{"line":1010,"column":41},"end":{"line":1010,"column":51}}},"44":{"name":"addSkipButton","line":1021,"loc":{"start":{"line":1021,"column":0},"end":{"line":1022,"column":0}}},"45":{"name":"(anonymous_45)","line":1025,"loc":{"start":{"line":1025,"column":36},"end":{"line":1025,"column":46}}},"46":{"name":"(anonymous_46)","line":1026,"loc":{"start":{"line":1026,"column":35},"end":{"line":1026,"column":45}}},"47":{"name":"(anonymous_47)","line":1027,"loc":{"start":{"line":1027,"column":36},"end":{"line":1027,"column":46}}},"48":{"name":"addBalloon","line":1030,"loc":{"start":{"line":1030,"column":0},"end":{"line":1031,"column":0}}},"49":{"name":"addFinalSound","line":1061,"loc":{"start":{"line":1061,"column":0},"end":{"line":1062,"column":0}}},"50":{"name":"(anonymous_50)","line":1067,"loc":{"start":{"line":1067,"column":45},"end":{"line":1067,"column":55}}},"51":{"name":"(anonymous_51)","line":1071,"loc":{"start":{"line":1071,"column":45},"end":{"line":1071,"column":55}}},"52":{"name":"(anonymous_52)","line":1075,"loc":{"start":{"line":1075,"column":45},"end":{"line":1075,"column":55}}},"53":{"name":"(anonymous_53)","line":1079,"loc":{"start":{"line":1079,"column":46},"end":{"line":1079,"column":56}}},"54":{"name":"(anonymous_54)","line":1083,"loc":{"start":{"line":1083,"column":47},"end":{"line":1083,"column":57}}},"55":{"name":"(anonymous_55)","line":1087,"loc":{"start":{"line":1087,"column":47},"end":{"line":1087,"column":57}}},"56":{"name":"(anonymous_56)","line":1091,"loc":{"start":{"line":1091,"column":45},"end":{"line":1091,"column":55}}},"57":{"name":"(anonymous_57)","line":1095,"loc":{"start":{"line":1095,"column":45},"end":{"line":1095,"column":55}}},"58":{"name":"(anonymous_58)","line":1099,"loc":{"start":{"line":1099,"column":45},"end":{"line":1099,"column":55}}},"59":{"name":"(anonymous_59)","line":1103,"loc":{"start":{"line":1103,"column":45},"end":{"line":1103,"column":55}}},"60":{"name":"(anonymous_60)","line":1107,"loc":{"start":{"line":1107,"column":48},"end":{"line":1107,"column":58}}},"61":{"name":"(anonymous_61)","line":1111,"loc":{"start":{"line":1111,"column":45},"end":{"line":1111,"column":55}}},"62":{"name":"quitExercise","line":1116,"loc":{"start":{"line":1116,"column":0},"end":{"line":1117,"column":0}}},"63":{"name":"addExercises","line":1122,"loc":{"start":{"line":1122,"column":0},"end":{"line":1123,"column":0}}},"64":{"name":"loadBackground","line":1179,"loc":{"start":{"line":1179,"column":0},"end":{"line":1180,"column":0}}},"65":{"name":"addExerciseImages","line":1209,"loc":{"start":{"line":1209,"column":0},"end":{"line":1210,"column":0}}},"66":{"name":"(anonymous_66)","line":1226,"loc":{"start":{"line":1226,"column":9},"end":{"line":1227,"column":8}}},"67":{"name":"(anonymous_67)","line":1233,"loc":{"start":{"line":1233,"column":80},"end":{"line":1233,"column":90}}},"68":{"name":"loadKeyboard","line":1238,"loc":{"start":{"line":1238,"column":0},"end":{"line":1239,"column":0}}},"69":{"name":"addLogo","line":1354,"loc":{"start":{"line":1354,"column":0},"end":{"line":1355,"column":0}}},"70":{"name":"Instructions","line":1360,"loc":{"start":{"line":1360,"column":0},"end":{"line":1361,"column":0}}},"71":{"name":"(anonymous_71)","line":1386,"loc":{"start":{"line":1386,"column":36},"end":{"line":1386,"column":46}}},"72":{"name":"addInstructionAnimation","line":1391,"loc":{"start":{"line":1391,"column":0},"end":{"line":1392,"column":0}}},"73":{"name":"addAssignmentInstructor","line":1430,"loc":{"start":{"line":1430,"column":0},"end":{"line":1431,"column":0}}},"74":{"name":"addInstructionSound","line":1470,"loc":{"start":{"line":1470,"column":0},"end":{"line":1471,"column":0}}},"75":{"name":"addComplimentSound","line":1522,"loc":{"start":{"line":1522,"column":0},"end":{"line":1523,"column":0}}},"76":{"name":"addFinishSound","line":1566,"loc":{"start":{"line":1566,"column":0},"end":{"line":1567,"column":0}}},"77":{"name":"InstructionFJ","line":1610,"loc":{"start":{"line":1610,"column":0},"end":{"line":1611,"column":0}}},"78":{"name":"(anonymous_78)","line":1641,"loc":{"start":{"line":1641,"column":41},"end":{"line":1641,"column":51}}},"79":{"name":"WarmUpFJ","line":1646,"loc":{"start":{"line":1646,"column":0},"end":{"line":1647,"column":0}}},"80":{"name":"(anonymous_80)","line":1687,"loc":{"start":{"line":1687,"column":36},"end":{"line":1687,"column":46}}},"81":{"name":"(anonymous_81)","line":1695,"loc":{"start":{"line":1695,"column":58},"end":{"line":1695,"column":68}}},"82":{"name":"(anonymous_82)","line":1714,"loc":{"start":{"line":1714,"column":38},"end":{"line":1714,"column":48}}},"83":{"name":"(anonymous_83)","line":1719,"loc":{"start":{"line":1719,"column":58},"end":{"line":1719,"column":68}}},"84":{"name":"(anonymous_84)","line":1734,"loc":{"start":{"line":1734,"column":36},"end":{"line":1734,"column":46}}},"85":{"name":"(anonymous_85)","line":1738,"loc":{"start":{"line":1738,"column":54},"end":{"line":1738,"column":64}}},"86":{"name":"(anonymous_86)","line":1756,"loc":{"start":{"line":1756,"column":35},"end":{"line":1756,"column":45}}},"87":{"name":"(anonymous_87)","line":1760,"loc":{"start":{"line":1760,"column":59},"end":{"line":1760,"column":73}}},"88":{"name":"(anonymous_88)","line":1768,"loc":{"start":{"line":1768,"column":62},"end":{"line":1768,"column":72}}},"89":{"name":"(anonymous_89)","line":1784,"loc":{"start":{"line":1784,"column":36},"end":{"line":1784,"column":46}}},"90":{"name":"(anonymous_90)","line":1788,"loc":{"start":{"line":1788,"column":59},"end":{"line":1788,"column":73}}},"91":{"name":"(anonymous_91)","line":1796,"loc":{"start":{"line":1796,"column":62},"end":{"line":1796,"column":72}}},"92":{"name":"(anonymous_92)","line":1821,"loc":{"start":{"line":1821,"column":54},"end":{"line":1821,"column":64}}},"93":{"name":"(anonymous_93)","line":1825,"loc":{"start":{"line":1825,"column":38},"end":{"line":1825,"column":48}}},"94":{"name":"(anonymous_94)","line":1829,"loc":{"start":{"line":1829,"column":59},"end":{"line":1829,"column":73}}},"95":{"name":"(anonymous_95)","line":1833,"loc":{"start":{"line":1833,"column":62},"end":{"line":1833,"column":72}}},"96":{"name":"WarmUpDK","line":1845,"loc":{"start":{"line":1845,"column":0},"end":{"line":1845,"column":43}}},"97":{"name":"(anonymous_97)","line":1876,"loc":{"start":{"line":1876,"column":36},"end":{"line":1876,"column":46}}},"98":{"name":"(anonymous_98)","line":1884,"loc":{"start":{"line":1884,"column":58},"end":{"line":1884,"column":68}}},"99":{"name":"(anonymous_99)","line":1903,"loc":{"start":{"line":1903,"column":38},"end":{"line":1903,"column":48}}},"100":{"name":"(anonymous_100)","line":1908,"loc":{"start":{"line":1908,"column":58},"end":{"line":1908,"column":68}}},"101":{"name":"(anonymous_101)","line":1923,"loc":{"start":{"line":1923,"column":36},"end":{"line":1923,"column":46}}},"102":{"name":"(anonymous_102)","line":1927,"loc":{"start":{"line":1927,"column":54},"end":{"line":1927,"column":64}}},"103":{"name":"(anonymous_103)","line":1945,"loc":{"start":{"line":1945,"column":35},"end":{"line":1945,"column":45}}},"104":{"name":"(anonymous_104)","line":1949,"loc":{"start":{"line":1949,"column":59},"end":{"line":1949,"column":73}}},"105":{"name":"(anonymous_105)","line":1957,"loc":{"start":{"line":1957,"column":62},"end":{"line":1957,"column":72}}},"106":{"name":"(anonymous_106)","line":1973,"loc":{"start":{"line":1973,"column":36},"end":{"line":1973,"column":46}}},"107":{"name":"(anonymous_107)","line":1977,"loc":{"start":{"line":1977,"column":59},"end":{"line":1977,"column":73}}},"108":{"name":"(anonymous_108)","line":1985,"loc":{"start":{"line":1985,"column":62},"end":{"line":1985,"column":72}}},"109":{"name":"WarmUpSL","line":2001,"loc":{"start":{"line":2001,"column":0},"end":{"line":2001,"column":43}}},"110":{"name":"(anonymous_110)","line":2032,"loc":{"start":{"line":2032,"column":36},"end":{"line":2032,"column":46}}},"111":{"name":"(anonymous_111)","line":2040,"loc":{"start":{"line":2040,"column":58},"end":{"line":2040,"column":68}}},"112":{"name":"(anonymous_112)","line":2057,"loc":{"start":{"line":2057,"column":38},"end":{"line":2057,"column":48}}},"113":{"name":"(anonymous_113)","line":2062,"loc":{"start":{"line":2062,"column":58},"end":{"line":2062,"column":68}}},"114":{"name":"(anonymous_114)","line":2077,"loc":{"start":{"line":2077,"column":36},"end":{"line":2077,"column":46}}},"115":{"name":"(anonymous_115)","line":2081,"loc":{"start":{"line":2081,"column":54},"end":{"line":2081,"column":64}}},"116":{"name":"(anonymous_116)","line":2099,"loc":{"start":{"line":2099,"column":35},"end":{"line":2099,"column":45}}},"117":{"name":"(anonymous_117)","line":2103,"loc":{"start":{"line":2103,"column":59},"end":{"line":2103,"column":73}}},"118":{"name":"(anonymous_118)","line":2111,"loc":{"start":{"line":2111,"column":62},"end":{"line":2111,"column":72}}},"119":{"name":"(anonymous_119)","line":2127,"loc":{"start":{"line":2127,"column":36},"end":{"line":2127,"column":46}}},"120":{"name":"(anonymous_120)","line":2131,"loc":{"start":{"line":2131,"column":59},"end":{"line":2131,"column":73}}},"121":{"name":"(anonymous_121)","line":2139,"loc":{"start":{"line":2139,"column":62},"end":{"line":2139,"column":72}}},"122":{"name":"WarmUpAAE","line":2157,"loc":{"start":{"line":2157,"column":0},"end":{"line":2157,"column":44}}},"123":{"name":"(anonymous_123)","line":2188,"loc":{"start":{"line":2188,"column":36},"end":{"line":2188,"column":46}}},"124":{"name":"(anonymous_124)","line":2196,"loc":{"start":{"line":2196,"column":58},"end":{"line":2196,"column":68}}},"125":{"name":"(anonymous_125)","line":2215,"loc":{"start":{"line":2215,"column":38},"end":{"line":2215,"column":48}}},"126":{"name":"(anonymous_126)","line":2220,"loc":{"start":{"line":2220,"column":58},"end":{"line":2220,"column":68}}},"127":{"name":"(anonymous_127)","line":2235,"loc":{"start":{"line":2235,"column":37},"end":{"line":2235,"column":47}}},"128":{"name":"(anonymous_128)","line":2239,"loc":{"start":{"line":2239,"column":54},"end":{"line":2239,"column":64}}},"129":{"name":"(anonymous_129)","line":2257,"loc":{"start":{"line":2257,"column":35},"end":{"line":2257,"column":45}}},"130":{"name":"(anonymous_130)","line":2261,"loc":{"start":{"line":2261,"column":59},"end":{"line":2261,"column":73}}},"131":{"name":"(anonymous_131)","line":2269,"loc":{"start":{"line":2269,"column":62},"end":{"line":2269,"column":72}}},"132":{"name":"(anonymous_132)","line":2283,"loc":{"start":{"line":2283,"column":37},"end":{"line":2283,"column":47}}},"133":{"name":"(anonymous_133)","line":2287,"loc":{"start":{"line":2287,"column":59},"end":{"line":2287,"column":73}}},"134":{"name":"(anonymous_134)","line":2295,"loc":{"start":{"line":2295,"column":62},"end":{"line":2295,"column":72}}},"135":{"name":"WarmUpALL1","line":2312,"loc":{"start":{"line":2312,"column":0},"end":{"line":2312,"column":45}}},"136":{"name":"(anonymous_136)","line":2341,"loc":{"start":{"line":2341,"column":38},"end":{"line":2341,"column":48}}},"137":{"name":"(anonymous_137)","line":2349,"loc":{"start":{"line":2349,"column":58},"end":{"line":2349,"column":68}}},"138":{"name":"(anonymous_138)","line":2368,"loc":{"start":{"line":2368,"column":40},"end":{"line":2368,"column":50}}},"139":{"name":"(anonymous_139)","line":2373,"loc":{"start":{"line":2373,"column":58},"end":{"line":2373,"column":68}}},"140":{"name":"WarmUpALL2","line":2390,"loc":{"start":{"line":2390,"column":0},"end":{"line":2390,"column":45}}},"141":{"name":"(anonymous_141)","line":2418,"loc":{"start":{"line":2418,"column":38},"end":{"line":2418,"column":48}}},"142":{"name":"(anonymous_142)","line":2426,"loc":{"start":{"line":2426,"column":58},"end":{"line":2426,"column":68}}},"143":{"name":"(anonymous_143)","line":2445,"loc":{"start":{"line":2445,"column":40},"end":{"line":2445,"column":50}}},"144":{"name":"(anonymous_144)","line":2450,"loc":{"start":{"line":2450,"column":58},"end":{"line":2450,"column":68}}},"145":{"name":"WarmUpEH","line":2469,"loc":{"start":{"line":2469,"column":0},"end":{"line":2469,"column":43}}},"146":{"name":"(anonymous_146)","line":2500,"loc":{"start":{"line":2500,"column":37},"end":{"line":2500,"column":47}}},"147":{"name":"(anonymous_147)","line":2507,"loc":{"start":{"line":2507,"column":58},"end":{"line":2507,"column":68}}},"148":{"name":"(anonymous_148)","line":2522,"loc":{"start":{"line":2522,"column":36},"end":{"line":2522,"column":46}}},"149":{"name":"(anonymous_149)","line":2527,"loc":{"start":{"line":2527,"column":58},"end":{"line":2527,"column":68}}},"150":{"name":"(anonymous_150)","line":2540,"loc":{"start":{"line":2540,"column":37},"end":{"line":2540,"column":47}}},"151":{"name":"(anonymous_151)","line":2544,"loc":{"start":{"line":2544,"column":54},"end":{"line":2544,"column":64}}},"152":{"name":"(anonymous_152)","line":2558,"loc":{"start":{"line":2558,"column":35},"end":{"line":2558,"column":45}}},"153":{"name":"(anonymous_153)","line":2562,"loc":{"start":{"line":2562,"column":59},"end":{"line":2562,"column":73}}},"154":{"name":"(anonymous_154)","line":2570,"loc":{"start":{"line":2570,"column":62},"end":{"line":2570,"column":72}}},"155":{"name":"(anonymous_155)","line":2581,"loc":{"start":{"line":2581,"column":35},"end":{"line":2581,"column":45}}},"156":{"name":"(anonymous_156)","line":2584,"loc":{"start":{"line":2584,"column":54},"end":{"line":2584,"column":64}}},"157":{"name":"(anonymous_157)","line":2596,"loc":{"start":{"line":2596,"column":37},"end":{"line":2596,"column":47}}},"158":{"name":"(anonymous_158)","line":2600,"loc":{"start":{"line":2600,"column":54},"end":{"line":2600,"column":64}}},"159":{"name":"(anonymous_159)","line":2614,"loc":{"start":{"line":2614,"column":35},"end":{"line":2614,"column":45}}},"160":{"name":"(anonymous_160)","line":2618,"loc":{"start":{"line":2618,"column":59},"end":{"line":2618,"column":73}}},"161":{"name":"(anonymous_161)","line":2626,"loc":{"start":{"line":2626,"column":62},"end":{"line":2626,"column":72}}},"162":{"name":"WarmUpIG","line":2639,"loc":{"start":{"line":2639,"column":0},"end":{"line":2639,"column":43}}},"163":{"name":"(anonymous_163)","line":2668,"loc":{"start":{"line":2668,"column":37},"end":{"line":2668,"column":47}}},"164":{"name":"(anonymous_164)","line":2675,"loc":{"start":{"line":2675,"column":58},"end":{"line":2675,"column":68}}},"165":{"name":"(anonymous_165)","line":2692,"loc":{"start":{"line":2692,"column":36},"end":{"line":2692,"column":46}}},"166":{"name":"(anonymous_166)","line":2697,"loc":{"start":{"line":2697,"column":58},"end":{"line":2697,"column":68}}},"167":{"name":"(anonymous_167)","line":2712,"loc":{"start":{"line":2712,"column":37},"end":{"line":2712,"column":47}}},"168":{"name":"(anonymous_168)","line":2716,"loc":{"start":{"line":2716,"column":54},"end":{"line":2716,"column":64}}},"169":{"name":"(anonymous_169)","line":2731,"loc":{"start":{"line":2731,"column":35},"end":{"line":2731,"column":45}}},"170":{"name":"(anonymous_170)","line":2735,"loc":{"start":{"line":2735,"column":59},"end":{"line":2735,"column":73}}},"171":{"name":"(anonymous_171)","line":2743,"loc":{"start":{"line":2743,"column":62},"end":{"line":2743,"column":72}}},"172":{"name":"(anonymous_172)","line":2753,"loc":{"start":{"line":2753,"column":36},"end":{"line":2753,"column":46}}},"173":{"name":"(anonymous_173)","line":2757,"loc":{"start":{"line":2757,"column":54},"end":{"line":2757,"column":64}}},"174":{"name":"(anonymous_174)","line":2769,"loc":{"start":{"line":2769,"column":36},"end":{"line":2769,"column":46}}},"175":{"name":"(anonymous_175)","line":2773,"loc":{"start":{"line":2773,"column":54},"end":{"line":2773,"column":64}}},"176":{"name":"(anonymous_176)","line":2785,"loc":{"start":{"line":2785,"column":38},"end":{"line":2785,"column":48}}},"177":{"name":"(anonymous_177)","line":2789,"loc":{"start":{"line":2789,"column":54},"end":{"line":2789,"column":64}}},"178":{"name":"(anonymous_178)","line":2803,"loc":{"start":{"line":2803,"column":36},"end":{"line":2803,"column":46}}},"179":{"name":"(anonymous_179)","line":2807,"loc":{"start":{"line":2807,"column":59},"end":{"line":2807,"column":73}}},"180":{"name":"(anonymous_180)","line":2815,"loc":{"start":{"line":2815,"column":62},"end":{"line":2815,"column":72}}},"181":{"name":"(anonymous_181)","line":2825,"loc":{"start":{"line":2825,"column":35},"end":{"line":2825,"column":45}}},"182":{"name":"(anonymous_182)","line":2828,"loc":{"start":{"line":2828,"column":54},"end":{"line":2828,"column":64}}},"183":{"name":"WarmUpBN","line":2842,"loc":{"start":{"line":2842,"column":0},"end":{"line":2842,"column":43}}},"184":{"name":"(anonymous_184)","line":2872,"loc":{"start":{"line":2872,"column":37},"end":{"line":2872,"column":47}}},"185":{"name":"(anonymous_185)","line":2878,"loc":{"start":{"line":2878,"column":54},"end":{"line":2878,"column":64}}},"186":{"name":"(anonymous_186)","line":2895,"loc":{"start":{"line":2895,"column":36},"end":{"line":2895,"column":46}}},"187":{"name":"(anonymous_187)","line":2900,"loc":{"start":{"line":2900,"column":54},"end":{"line":2900,"column":64}}},"188":{"name":"(anonymous_188)","line":2912,"loc":{"start":{"line":2912,"column":37},"end":{"line":2912,"column":47}}},"189":{"name":"(anonymous_189)","line":2916,"loc":{"start":{"line":2916,"column":54},"end":{"line":2916,"column":64}}},"190":{"name":"(anonymous_190)","line":2932,"loc":{"start":{"line":2932,"column":35},"end":{"line":2932,"column":45}}},"191":{"name":"(anonymous_191)","line":2936,"loc":{"start":{"line":2936,"column":59},"end":{"line":2936,"column":73}}},"192":{"name":"(anonymous_192)","line":2944,"loc":{"start":{"line":2944,"column":62},"end":{"line":2944,"column":72}}},"193":{"name":"(anonymous_193)","line":2954,"loc":{"start":{"line":2954,"column":36},"end":{"line":2954,"column":46}}},"194":{"name":"(anonymous_194)","line":2957,"loc":{"start":{"line":2957,"column":54},"end":{"line":2957,"column":64}}},"195":{"name":"(anonymous_195)","line":2968,"loc":{"start":{"line":2968,"column":36},"end":{"line":2968,"column":46}}},"196":{"name":"(anonymous_196)","line":2971,"loc":{"start":{"line":2971,"column":54},"end":{"line":2971,"column":64}}},"197":{"name":"(anonymous_197)","line":2982,"loc":{"start":{"line":2982,"column":38},"end":{"line":2982,"column":48}}},"198":{"name":"(anonymous_198)","line":2985,"loc":{"start":{"line":2985,"column":54},"end":{"line":2985,"column":64}}},"199":{"name":"(anonymous_199)","line":2999,"loc":{"start":{"line":2999,"column":36},"end":{"line":2999,"column":46}}},"200":{"name":"(anonymous_200)","line":3003,"loc":{"start":{"line":3003,"column":59},"end":{"line":3003,"column":73}}},"201":{"name":"(anonymous_201)","line":3011,"loc":{"start":{"line":3011,"column":62},"end":{"line":3011,"column":72}}},"202":{"name":"(anonymous_202)","line":3019,"loc":{"start":{"line":3019,"column":36},"end":{"line":3019,"column":46}}},"203":{"name":"(anonymous_203)","line":3022,"loc":{"start":{"line":3022,"column":54},"end":{"line":3022,"column":64}}},"204":{"name":"WarmUpRO","line":3036,"loc":{"start":{"line":3036,"column":0},"end":{"line":3036,"column":43}}},"205":{"name":"(anonymous_205)","line":3066,"loc":{"start":{"line":3066,"column":37},"end":{"line":3066,"column":47}}},"206":{"name":"(anonymous_206)","line":3072,"loc":{"start":{"line":3072,"column":54},"end":{"line":3072,"column":64}}},"207":{"name":"(anonymous_207)","line":3089,"loc":{"start":{"line":3089,"column":36},"end":{"line":3089,"column":46}}},"208":{"name":"(anonymous_208)","line":3094,"loc":{"start":{"line":3094,"column":54},"end":{"line":3094,"column":64}}},"209":{"name":"(anonymous_209)","line":3106,"loc":{"start":{"line":3106,"column":37},"end":{"line":3106,"column":47}}},"210":{"name":"(anonymous_210)","line":3110,"loc":{"start":{"line":3110,"column":54},"end":{"line":3110,"column":64}}},"211":{"name":"(anonymous_211)","line":3126,"loc":{"start":{"line":3126,"column":35},"end":{"line":3126,"column":45}}},"212":{"name":"(anonymous_212)","line":3130,"loc":{"start":{"line":3130,"column":59},"end":{"line":3130,"column":73}}},"213":{"name":"(anonymous_213)","line":3138,"loc":{"start":{"line":3138,"column":62},"end":{"line":3138,"column":72}}},"214":{"name":"(anonymous_214)","line":3149,"loc":{"start":{"line":3149,"column":36},"end":{"line":3149,"column":46}}},"215":{"name":"(anonymous_215)","line":3152,"loc":{"start":{"line":3152,"column":54},"end":{"line":3152,"column":64}}},"216":{"name":"(anonymous_216)","line":3163,"loc":{"start":{"line":3163,"column":38},"end":{"line":3163,"column":48}}},"217":{"name":"(anonymous_217)","line":3166,"loc":{"start":{"line":3166,"column":54},"end":{"line":3166,"column":64}}},"218":{"name":"(anonymous_218)","line":3180,"loc":{"start":{"line":3180,"column":36},"end":{"line":3180,"column":46}}},"219":{"name":"(anonymous_219)","line":3184,"loc":{"start":{"line":3184,"column":59},"end":{"line":3184,"column":73}}},"220":{"name":"(anonymous_220)","line":3192,"loc":{"start":{"line":3192,"column":62},"end":{"line":3192,"column":72}}},"221":{"name":"WarmUpBRODD","line":3205,"loc":{"start":{"line":3205,"column":0},"end":{"line":3205,"column":46}}},"222":{"name":"(anonymous_222)","line":3235,"loc":{"start":{"line":3235,"column":40},"end":{"line":3235,"column":50}}},"223":{"name":"(anonymous_223)","line":3243,"loc":{"start":{"line":3243,"column":58},"end":{"line":3243,"column":68}}},"224":{"name":"(anonymous_224)","line":3258,"loc":{"start":{"line":3258,"column":40},"end":{"line":3258,"column":50}}},"225":{"name":"(anonymous_225)","line":3263,"loc":{"start":{"line":3263,"column":58},"end":{"line":3263,"column":68}}},"226":{"name":"(anonymous_226)","line":3275,"loc":{"start":{"line":3275,"column":41},"end":{"line":3275,"column":51}}},"227":{"name":"(anonymous_227)","line":3279,"loc":{"start":{"line":3279,"column":54},"end":{"line":3279,"column":64}}},"228":{"name":"(anonymous_228)","line":3295,"loc":{"start":{"line":3295,"column":42},"end":{"line":3295,"column":52}}},"229":{"name":"(anonymous_229)","line":3299,"loc":{"start":{"line":3299,"column":54},"end":{"line":3299,"column":64}}},"230":{"name":"(anonymous_230)","line":3315,"loc":{"start":{"line":3315,"column":42},"end":{"line":3315,"column":52}}},"231":{"name":"(anonymous_231)","line":3319,"loc":{"start":{"line":3319,"column":54},"end":{"line":3319,"column":64}}},"232":{"name":"(anonymous_232)","line":3342,"loc":{"start":{"line":3342,"column":40},"end":{"line":3342,"column":50}}},"233":{"name":"(anonymous_233)","line":3346,"loc":{"start":{"line":3346,"column":59},"end":{"line":3346,"column":73}}},"234":{"name":"(anonymous_234)","line":3354,"loc":{"start":{"line":3354,"column":62},"end":{"line":3354,"column":72}}},"235":{"name":"WarmUpHA","line":3367,"loc":{"start":{"line":3367,"column":0},"end":{"line":3367,"column":43}}},"236":{"name":"(anonymous_236)","line":3397,"loc":{"start":{"line":3397,"column":37},"end":{"line":3397,"column":47}}},"237":{"name":"(anonymous_237)","line":3404,"loc":{"start":{"line":3404,"column":58},"end":{"line":3405,"column":12}}},"238":{"name":"(anonymous_238)","line":3419,"loc":{"start":{"line":3419,"column":41},"end":{"line":3419,"column":51}}},"239":{"name":"(anonymous_239)","line":3424,"loc":{"start":{"line":3424,"column":58},"end":{"line":3424,"column":68}}},"240":{"name":"(anonymous_240)","line":3436,"loc":{"start":{"line":3436,"column":42},"end":{"line":3436,"column":52}}},"241":{"name":"(anonymous_241)","line":3440,"loc":{"start":{"line":3440,"column":54},"end":{"line":3440,"column":64}}},"242":{"name":"(anonymous_242)","line":3453,"loc":{"start":{"line":3453,"column":40},"end":{"line":3453,"column":50}}},"243":{"name":"(anonymous_243)","line":3457,"loc":{"start":{"line":3457,"column":54},"end":{"line":3457,"column":64}}},"244":{"name":"(anonymous_244)","line":3470,"loc":{"start":{"line":3470,"column":42},"end":{"line":3470,"column":52}}},"245":{"name":"(anonymous_245)","line":3474,"loc":{"start":{"line":3474,"column":54},"end":{"line":3474,"column":64}}},"246":{"name":"(anonymous_246)","line":3489,"loc":{"start":{"line":3489,"column":39},"end":{"line":3489,"column":49}}},"247":{"name":"(anonymous_247)","line":3493,"loc":{"start":{"line":3493,"column":54},"end":{"line":3493,"column":64}}},"248":{"name":"(anonymous_248)","line":3507,"loc":{"start":{"line":3507,"column":40},"end":{"line":3507,"column":50}}},"249":{"name":"(anonymous_249)","line":3511,"loc":{"start":{"line":3511,"column":54},"end":{"line":3511,"column":64}}},"250":{"name":"(anonymous_250)","line":3528,"loc":{"start":{"line":3528,"column":37},"end":{"line":3528,"column":47}}},"251":{"name":"(anonymous_251)","line":3532,"loc":{"start":{"line":3532,"column":59},"end":{"line":3532,"column":73}}},"252":{"name":"(anonymous_252)","line":3540,"loc":{"start":{"line":3540,"column":62},"end":{"line":3540,"column":72}}},"253":{"name":"loadAbout","line":3552,"loc":{"start":{"line":3552,"column":0},"end":{"line":3553,"column":0}}},"254":{"name":"(anonymous_254)","line":3557,"loc":{"start":{"line":3557,"column":35},"end":{"line":3557,"column":45}}},"255":{"name":"(anonymous_255)","line":3558,"loc":{"start":{"line":3558,"column":34},"end":{"line":3558,"column":44}}},"256":{"name":"(anonymous_256)","line":3559,"loc":{"start":{"line":3559,"column":35},"end":{"line":3559,"column":45}}}},"statementMap":{"1":{"start":{"line":4,"column":0},"end":{"line":4,"column":17}},"2":{"start":{"line":5,"column":0},"end":{"line":5,"column":17}},"3":{"start":{"line":6,"column":0},"end":{"line":6,"column":118}},"4":{"start":{"line":9,"column":0},"end":{"line":9,"column":13}},"5":{"start":{"line":11,"column":0},"end":{"line":11,"column":21}},"6":{"start":{"line":12,"column":0},"end":{"line":12,"column":19}},"7":{"start":{"line":13,"column":0},"end":{"line":13,"column":23}},"8":{"start":{"line":16,"column":0},"end":{"line":16,"column":184}},"9":{"start":{"line":17,"column":0},"end":{"line":17,"column":112}},"10":{"start":{"line":19,"column":0},"end":{"line":19,"column":14}},"11":{"start":{"line":20,"column":0},"end":{"line":20,"column":16}},"12":{"start":{"line":21,"column":0},"end":{"line":21,"column":15}},"13":{"start":{"line":24,"column":0},"end":{"line":24,"column":18}},"14":{"start":{"line":25,"column":0},"end":{"line":25,"column":19}},"15":{"start":{"line":26,"column":0},"end":{"line":26,"column":16}},"16":{"start":{"line":29,"column":0},"end":{"line":29,"column":10}},"17":{"start":{"line":30,"column":0},"end":{"line":30,"column":21}},"18":{"start":{"line":31,"column":0},"end":{"line":31,"column":23}},"19":{"start":{"line":34,"column":0},"end":{"line":34,"column":12}},"20":{"start":{"line":35,"column":0},"end":{"line":35,"column":12}},"21":{"start":{"line":36,"column":0},"end":{"line":36,"column":9}},"22":{"start":{"line":39,"column":0},"end":{"line":39,"column":15}},"23":{"start":{"line":40,"column":0},"end":{"line":40,"column":28}},"24":{"start":{"line":42,"column":0},"end":{"line":42,"column":15}},"25":{"start":{"line":43,"column":0},"end":{"line":43,"column":12}},"26":{"start":{"line":44,"column":0},"end":{"line":44,"column":13}},"27":{"start":{"line":45,"column":0},"end":{"line":45,"column":14}},"28":{"start":{"line":46,"column":0},"end":{"line":46,"column":16}},"29":{"start":{"line":47,"column":0},"end":{"line":47,"column":10}},"30":{"start":{"line":48,"column":0},"end":{"line":48,"column":101}},"31":{"start":{"line":49,"column":0},"end":{"line":49,"column":20}},"32":{"start":{"line":50,"column":0},"end":{"line":50,"column":11}},"33":{"start":{"line":51,"column":0},"end":{"line":51,"column":10}},"34":{"start":{"line":52,"column":0},"end":{"line":52,"column":10}},"35":{"start":{"line":53,"column":0},"end":{"line":53,"column":31}},"36":{"start":{"line":56,"column":0},"end":{"line":343,"column":1}},"37":{"start":{"line":58,"column":4},"end":{"line":58,"column":47}},"38":{"start":{"line":59,"column":4},"end":{"line":59,"column":46}},"39":{"start":{"line":60,"column":4},"end":{"line":60,"column":33}},"40":{"start":{"line":61,"column":4},"end":{"line":61,"column":42}},"41":{"start":{"line":62,"column":4},"end":{"line":62,"column":32}},"42":{"start":{"line":65,"column":4},"end":{"line":65,"column":87}},"43":{"start":{"line":66,"column":4},"end":{"line":66,"column":97}},"44":{"start":{"line":67,"column":4},"end":{"line":67,"column":100}},"45":{"start":{"line":70,"column":4},"end":{"line":70,"column":103}},"46":{"start":{"line":71,"column":4},"end":{"line":71,"column":108}},"47":{"start":{"line":72,"column":4},"end":{"line":72,"column":114}},"48":{"start":{"line":73,"column":4},"end":{"line":73,"column":114}},"49":{"start":{"line":74,"column":4},"end":{"line":74,"column":116}},"50":{"start":{"line":75,"column":4},"end":{"line":75,"column":86}},"51":{"start":{"line":76,"column":4},"end":{"line":76,"column":85}},"52":{"start":{"line":77,"column":4},"end":{"line":77,"column":79}},"53":{"start":{"line":78,"column":4},"end":{"line":78,"column":87}},"54":{"start":{"line":79,"column":4},"end":{"line":79,"column":105}},"55":{"start":{"line":80,"column":4},"end":{"line":80,"column":107}},"56":{"start":{"line":81,"column":4},"end":{"line":81,"column":97}},"57":{"start":{"line":82,"column":4},"end":{"line":82,"column":99}},"58":{"start":{"line":85,"column":4},"end":{"line":85,"column":91}},"59":{"start":{"line":86,"column":4},"end":{"line":86,"column":81}},"60":{"start":{"line":87,"column":4},"end":{"line":87,"column":83}},"61":{"start":{"line":88,"column":4},"end":{"line":88,"column":92}},"62":{"start":{"line":89,"column":4},"end":{"line":89,"column":80}},"63":{"start":{"line":90,"column":4},"end":{"line":90,"column":81}},"64":{"start":{"line":91,"column":4},"end":{"line":91,"column":83}},"65":{"start":{"line":92,"column":4},"end":{"line":92,"column":87}},"66":{"start":{"line":93,"column":4},"end":{"line":93,"column":83}},"67":{"start":{"line":94,"column":4},"end":{"line":94,"column":85}},"68":{"start":{"line":97,"column":4},"end":{"line":97,"column":91}},"69":{"start":{"line":98,"column":4},"end":{"line":98,"column":96}},"70":{"start":{"line":101,"column":4},"end":{"line":101,"column":89}},"71":{"start":{"line":102,"column":4},"end":{"line":102,"column":89}},"72":{"start":{"line":103,"column":4},"end":{"line":103,"column":89}},"73":{"start":{"line":104,"column":4},"end":{"line":104,"column":90}},"74":{"start":{"line":105,"column":4},"end":{"line":105,"column":91}},"75":{"start":{"line":106,"column":4},"end":{"line":106,"column":91}},"76":{"start":{"line":107,"column":4},"end":{"line":107,"column":89}},"77":{"start":{"line":108,"column":4},"end":{"line":108,"column":89}},"78":{"start":{"line":109,"column":4},"end":{"line":109,"column":89}},"79":{"start":{"line":110,"column":4},"end":{"line":110,"column":89}},"80":{"start":{"line":111,"column":4},"end":{"line":111,"column":90}},"81":{"start":{"line":112,"column":4},"end":{"line":112,"column":90}},"82":{"start":{"line":113,"column":4},"end":{"line":113,"column":101}},"83":{"start":{"line":116,"column":4},"end":{"line":116,"column":75}},"84":{"start":{"line":117,"column":4},"end":{"line":117,"column":74}},"85":{"start":{"line":118,"column":4},"end":{"line":118,"column":73}},"86":{"start":{"line":119,"column":4},"end":{"line":119,"column":73}},"87":{"start":{"line":120,"column":4},"end":{"line":120,"column":73}},"88":{"start":{"line":121,"column":4},"end":{"line":121,"column":73}},"89":{"start":{"line":122,"column":4},"end":{"line":122,"column":73}},"90":{"start":{"line":123,"column":4},"end":{"line":123,"column":73}},"91":{"start":{"line":124,"column":4},"end":{"line":124,"column":73}},"92":{"start":{"line":125,"column":4},"end":{"line":125,"column":73}},"93":{"start":{"line":126,"column":4},"end":{"line":126,"column":73}},"94":{"start":{"line":127,"column":4},"end":{"line":127,"column":73}},"95":{"start":{"line":128,"column":4},"end":{"line":128,"column":73}},"96":{"start":{"line":129,"column":4},"end":{"line":129,"column":73}},"97":{"start":{"line":130,"column":4},"end":{"line":130,"column":73}},"98":{"start":{"line":131,"column":4},"end":{"line":131,"column":73}},"99":{"start":{"line":132,"column":4},"end":{"line":132,"column":73}},"100":{"start":{"line":133,"column":4},"end":{"line":133,"column":74}},"101":{"start":{"line":134,"column":4},"end":{"line":134,"column":74}},"102":{"start":{"line":135,"column":4},"end":{"line":135,"column":74}},"103":{"start":{"line":136,"column":4},"end":{"line":136,"column":74}},"104":{"start":{"line":137,"column":4},"end":{"line":137,"column":80}},"105":{"start":{"line":138,"column":4},"end":{"line":138,"column":80}},"106":{"start":{"line":139,"column":4},"end":{"line":139,"column":80}},"107":{"start":{"line":140,"column":4},"end":{"line":140,"column":80}},"108":{"start":{"line":141,"column":4},"end":{"line":141,"column":80}},"109":{"start":{"line":142,"column":4},"end":{"line":142,"column":80}},"110":{"start":{"line":143,"column":4},"end":{"line":143,"column":73}},"111":{"start":{"line":144,"column":4},"end":{"line":144,"column":73}},"112":{"start":{"line":145,"column":4},"end":{"line":145,"column":73}},"113":{"start":{"line":146,"column":4},"end":{"line":146,"column":73}},"114":{"start":{"line":147,"column":4},"end":{"line":147,"column":73}},"115":{"start":{"line":148,"column":4},"end":{"line":148,"column":73}},"116":{"start":{"line":149,"column":4},"end":{"line":149,"column":73}},"117":{"start":{"line":150,"column":4},"end":{"line":150,"column":73}},"118":{"start":{"line":151,"column":4},"end":{"line":151,"column":73}},"119":{"start":{"line":152,"column":4},"end":{"line":152,"column":73}},"120":{"start":{"line":153,"column":4},"end":{"line":153,"column":73}},"121":{"start":{"line":154,"column":4},"end":{"line":154,"column":75}},"122":{"start":{"line":155,"column":4},"end":{"line":155,"column":75}},"123":{"start":{"line":156,"column":4},"end":{"line":156,"column":73}},"124":{"start":{"line":157,"column":4},"end":{"line":157,"column":73}},"125":{"start":{"line":158,"column":4},"end":{"line":158,"column":73}},"126":{"start":{"line":159,"column":4},"end":{"line":159,"column":73}},"127":{"start":{"line":160,"column":4},"end":{"line":160,"column":73}},"128":{"start":{"line":161,"column":4},"end":{"line":161,"column":73}},"129":{"start":{"line":162,"column":4},"end":{"line":162,"column":73}},"130":{"start":{"line":163,"column":4},"end":{"line":163,"column":73}},"131":{"start":{"line":164,"column":4},"end":{"line":164,"column":75}},"132":{"start":{"line":165,"column":4},"end":{"line":165,"column":73}},"133":{"start":{"line":166,"column":4},"end":{"line":166,"column":73}},"134":{"start":{"line":167,"column":4},"end":{"line":167,"column":75}},"135":{"start":{"line":168,"column":4},"end":{"line":168,"column":73}},"136":{"start":{"line":169,"column":4},"end":{"line":169,"column":73}},"137":{"start":{"line":170,"column":4},"end":{"line":170,"column":73}},"138":{"start":{"line":171,"column":4},"end":{"line":171,"column":73}},"139":{"start":{"line":172,"column":4},"end":{"line":172,"column":73}},"140":{"start":{"line":173,"column":4},"end":{"line":173,"column":73}},"141":{"start":{"line":174,"column":4},"end":{"line":174,"column":73}},"142":{"start":{"line":175,"column":4},"end":{"line":175,"column":73}},"143":{"start":{"line":176,"column":4},"end":{"line":176,"column":73}},"144":{"start":{"line":177,"column":4},"end":{"line":177,"column":78}},"145":{"start":{"line":178,"column":4},"end":{"line":178,"column":78}},"146":{"start":{"line":179,"column":4},"end":{"line":179,"column":78}},"147":{"start":{"line":180,"column":4},"end":{"line":180,"column":78}},"148":{"start":{"line":181,"column":4},"end":{"line":181,"column":78}},"149":{"start":{"line":182,"column":4},"end":{"line":182,"column":78}},"150":{"start":{"line":183,"column":4},"end":{"line":183,"column":78}},"151":{"start":{"line":184,"column":4},"end":{"line":184,"column":75}},"152":{"start":{"line":185,"column":4},"end":{"line":185,"column":75}},"153":{"start":{"line":186,"column":4},"end":{"line":186,"column":75}},"154":{"start":{"line":187,"column":4},"end":{"line":187,"column":75}},"155":{"start":{"line":188,"column":4},"end":{"line":188,"column":75}},"156":{"start":{"line":189,"column":4},"end":{"line":189,"column":75}},"157":{"start":{"line":190,"column":4},"end":{"line":190,"column":75}},"158":{"start":{"line":191,"column":4},"end":{"line":191,"column":75}},"159":{"start":{"line":192,"column":4},"end":{"line":192,"column":76}},"160":{"start":{"line":194,"column":4},"end":{"line":194,"column":91}},"161":{"start":{"line":195,"column":4},"end":{"line":195,"column":92}},"162":{"start":{"line":196,"column":4},"end":{"line":196,"column":92}},"163":{"start":{"line":197,"column":4},"end":{"line":197,"column":92}},"164":{"start":{"line":198,"column":4},"end":{"line":198,"column":96}},"165":{"start":{"line":199,"column":4},"end":{"line":199,"column":96}},"166":{"start":{"line":200,"column":4},"end":{"line":200,"column":92}},"167":{"start":{"line":201,"column":4},"end":{"line":201,"column":92}},"168":{"start":{"line":202,"column":4},"end":{"line":202,"column":92}},"169":{"start":{"line":203,"column":4},"end":{"line":203,"column":92}},"170":{"start":{"line":204,"column":4},"end":{"line":204,"column":101}},"171":{"start":{"line":205,"column":4},"end":{"line":205,"column":98}},"172":{"start":{"line":207,"column":4},"end":{"line":207,"column":83}},"173":{"start":{"line":208,"column":4},"end":{"line":208,"column":83}},"174":{"start":{"line":209,"column":4},"end":{"line":209,"column":83}},"175":{"start":{"line":210,"column":4},"end":{"line":210,"column":84}},"176":{"start":{"line":211,"column":4},"end":{"line":211,"column":87}},"177":{"start":{"line":212,"column":4},"end":{"line":212,"column":87}},"178":{"start":{"line":213,"column":4},"end":{"line":213,"column":83}},"179":{"start":{"line":214,"column":4},"end":{"line":214,"column":83}},"180":{"start":{"line":215,"column":4},"end":{"line":215,"column":83}},"181":{"start":{"line":217,"column":4},"end":{"line":217,"column":95}},"182":{"start":{"line":220,"column":4},"end":{"line":220,"column":76}},"183":{"start":{"line":221,"column":4},"end":{"line":221,"column":76}},"184":{"start":{"line":222,"column":4},"end":{"line":222,"column":76}},"185":{"start":{"line":223,"column":4},"end":{"line":223,"column":77}},"186":{"start":{"line":224,"column":4},"end":{"line":224,"column":80}},"187":{"start":{"line":225,"column":4},"end":{"line":225,"column":80}},"188":{"start":{"line":226,"column":4},"end":{"line":226,"column":76}},"189":{"start":{"line":227,"column":4},"end":{"line":227,"column":76}},"190":{"start":{"line":228,"column":4},"end":{"line":228,"column":76}},"191":{"start":{"line":229,"column":4},"end":{"line":229,"column":76}},"192":{"start":{"line":230,"column":4},"end":{"line":230,"column":85}},"193":{"start":{"line":231,"column":4},"end":{"line":231,"column":82}},"194":{"start":{"line":235,"column":4},"end":{"line":235,"column":95}},"195":{"start":{"line":236,"column":4},"end":{"line":236,"column":98}},"196":{"start":{"line":237,"column":4},"end":{"line":237,"column":94}},"197":{"start":{"line":238,"column":4},"end":{"line":238,"column":95}},"198":{"start":{"line":239,"column":4},"end":{"line":239,"column":95}},"199":{"start":{"line":241,"column":4},"end":{"line":241,"column":101}},"200":{"start":{"line":242,"column":4},"end":{"line":242,"column":100}},"201":{"start":{"line":243,"column":4},"end":{"line":243,"column":102}},"202":{"start":{"line":244,"column":4},"end":{"line":244,"column":102}},"203":{"start":{"line":245,"column":4},"end":{"line":245,"column":103}},"204":{"start":{"line":247,"column":4},"end":{"line":247,"column":96}},"205":{"start":{"line":248,"column":4},"end":{"line":248,"column":98}},"206":{"start":{"line":249,"column":4},"end":{"line":249,"column":95}},"207":{"start":{"line":250,"column":4},"end":{"line":250,"column":96}},"208":{"start":{"line":251,"column":4},"end":{"line":251,"column":99}},"209":{"start":{"line":253,"column":4},"end":{"line":253,"column":100}},"210":{"start":{"line":254,"column":4},"end":{"line":254,"column":99}},"211":{"start":{"line":255,"column":4},"end":{"line":255,"column":97}},"212":{"start":{"line":256,"column":4},"end":{"line":256,"column":99}},"213":{"start":{"line":257,"column":4},"end":{"line":257,"column":96}},"214":{"start":{"line":259,"column":4},"end":{"line":259,"column":84}},"215":{"start":{"line":260,"column":4},"end":{"line":260,"column":88}},"216":{"start":{"line":261,"column":4},"end":{"line":261,"column":89}},"217":{"start":{"line":262,"column":4},"end":{"line":262,"column":86}},"218":{"start":{"line":263,"column":4},"end":{"line":263,"column":86}},"219":{"start":{"line":266,"column":4},"end":{"line":266,"column":96}},"220":{"start":{"line":267,"column":4},"end":{"line":267,"column":100}},"221":{"start":{"line":268,"column":4},"end":{"line":268,"column":94}},"222":{"start":{"line":269,"column":4},"end":{"line":269,"column":98}},"223":{"start":{"line":270,"column":4},"end":{"line":270,"column":98}},"224":{"start":{"line":272,"column":4},"end":{"line":272,"column":88}},"225":{"start":{"line":273,"column":4},"end":{"line":273,"column":92}},"226":{"start":{"line":274,"column":4},"end":{"line":274,"column":86}},"227":{"start":{"line":275,"column":4},"end":{"line":275,"column":88}},"228":{"start":{"line":276,"column":4},"end":{"line":276,"column":94}},"229":{"start":{"line":279,"column":4},"end":{"line":279,"column":96}},"230":{"start":{"line":280,"column":4},"end":{"line":280,"column":94}},"231":{"start":{"line":281,"column":4},"end":{"line":281,"column":90}},"232":{"start":{"line":282,"column":4},"end":{"line":282,"column":94}},"233":{"start":{"line":283,"column":4},"end":{"line":283,"column":88}},"234":{"start":{"line":285,"column":4},"end":{"line":285,"column":73}},"235":{"start":{"line":286,"column":4},"end":{"line":286,"column":93}},"236":{"start":{"line":287,"column":4},"end":{"line":287,"column":97}},"237":{"start":{"line":290,"column":4},"end":{"line":290,"column":89}},"238":{"start":{"line":291,"column":4},"end":{"line":291,"column":92}},"239":{"start":{"line":292,"column":4},"end":{"line":292,"column":85}},"240":{"start":{"line":293,"column":4},"end":{"line":293,"column":85}},"241":{"start":{"line":294,"column":4},"end":{"line":294,"column":86}},"242":{"start":{"line":295,"column":4},"end":{"line":295,"column":86}},"243":{"start":{"line":296,"column":4},"end":{"line":296,"column":86}},"244":{"start":{"line":297,"column":4},"end":{"line":297,"column":92}},"245":{"start":{"line":300,"column":4},"end":{"line":300,"column":111}},"246":{"start":{"line":301,"column":4},"end":{"line":301,"column":34}},"247":{"start":{"line":302,"column":4},"end":{"line":302,"column":28}},"248":{"start":{"line":304,"column":4},"end":{"line":318,"column":13}},"249":{"start":{"line":306,"column":8},"end":{"line":317,"column":9}},"250":{"start":{"line":308,"column":12},"end":{"line":311,"column":13}},"251":{"start":{"line":310,"column":16},"end":{"line":310,"column":71}},"252":{"start":{"line":315,"column":12},"end":{"line":315,"column":45}},"253":{"start":{"line":316,"column":12},"end":{"line":316,"column":46}},"254":{"start":{"line":345,"column":0},"end":{"line":449,"column":1}},"255":{"start":{"line":347,"column":4},"end":{"line":347,"column":61}},"256":{"start":{"line":348,"column":4},"end":{"line":348,"column":55}},"257":{"start":{"line":349,"column":4},"end":{"line":349,"column":53}},"258":{"start":{"line":350,"column":4},"end":{"line":350,"column":54}},"259":{"start":{"line":351,"column":4},"end":{"line":351,"column":70}},"260":{"start":{"line":352,"column":4},"end":{"line":352,"column":49}},"261":{"start":{"line":353,"column":4},"end":{"line":353,"column":50}},"262":{"start":{"line":355,"column":4},"end":{"line":355,"column":44}},"263":{"start":{"line":357,"column":4},"end":{"line":357,"column":36}},"264":{"start":{"line":359,"column":4},"end":{"line":359,"column":53}},"265":{"start":{"line":360,"column":4},"end":{"line":360,"column":54}},"266":{"start":{"line":361,"column":4},"end":{"line":361,"column":53}},"267":{"start":{"line":362,"column":4},"end":{"line":362,"column":52}},"268":{"start":{"line":363,"column":4},"end":{"line":363,"column":52}},"269":{"start":{"line":364,"column":4},"end":{"line":364,"column":54}},"270":{"start":{"line":365,"column":4},"end":{"line":365,"column":54}},"271":{"start":{"line":367,"column":4},"end":{"line":367,"column":53}},"272":{"start":{"line":368,"column":4},"end":{"line":368,"column":52}},"273":{"start":{"line":369,"column":4},"end":{"line":369,"column":52}},"274":{"start":{"line":370,"column":4},"end":{"line":370,"column":54}},"275":{"start":{"line":372,"column":4},"end":{"line":372,"column":53}},"276":{"start":{"line":373,"column":4},"end":{"line":373,"column":52}},"277":{"start":{"line":374,"column":4},"end":{"line":374,"column":52}},"278":{"start":{"line":375,"column":4},"end":{"line":375,"column":54}},"279":{"start":{"line":377,"column":4},"end":{"line":377,"column":54}},"280":{"start":{"line":378,"column":4},"end":{"line":378,"column":52}},"281":{"start":{"line":379,"column":4},"end":{"line":379,"column":53}},"282":{"start":{"line":380,"column":4},"end":{"line":380,"column":55}},"283":{"start":{"line":382,"column":4},"end":{"line":382,"column":55}},"284":{"start":{"line":383,"column":4},"end":{"line":383,"column":56}},"285":{"start":{"line":384,"column":4},"end":{"line":384,"column":56}},"286":{"start":{"line":386,"column":4},"end":{"line":386,"column":55}},"287":{"start":{"line":387,"column":4},"end":{"line":387,"column":56}},"288":{"start":{"line":388,"column":4},"end":{"line":388,"column":56}},"289":{"start":{"line":390,"column":4},"end":{"line":390,"column":54}},"290":{"start":{"line":391,"column":4},"end":{"line":391,"column":52}},"291":{"start":{"line":392,"column":4},"end":{"line":392,"column":54}},"292":{"start":{"line":393,"column":4},"end":{"line":393,"column":52}},"293":{"start":{"line":394,"column":4},"end":{"line":394,"column":52}},"294":{"start":{"line":395,"column":4},"end":{"line":395,"column":54}},"295":{"start":{"line":396,"column":4},"end":{"line":396,"column":52}},"296":{"start":{"line":397,"column":4},"end":{"line":397,"column":54}},"297":{"start":{"line":399,"column":4},"end":{"line":399,"column":54}},"298":{"start":{"line":400,"column":4},"end":{"line":400,"column":52}},"299":{"start":{"line":401,"column":4},"end":{"line":401,"column":54}},"300":{"start":{"line":402,"column":4},"end":{"line":402,"column":52}},"301":{"start":{"line":403,"column":4},"end":{"line":403,"column":51}},"302":{"start":{"line":404,"column":4},"end":{"line":404,"column":51}},"303":{"start":{"line":405,"column":4},"end":{"line":405,"column":52}},"304":{"start":{"line":406,"column":4},"end":{"line":406,"column":54}},"305":{"start":{"line":407,"column":4},"end":{"line":407,"column":52}},"306":{"start":{"line":408,"column":4},"end":{"line":408,"column":54}},"307":{"start":{"line":410,"column":4},"end":{"line":410,"column":54}},"308":{"start":{"line":411,"column":4},"end":{"line":411,"column":52}},"309":{"start":{"line":412,"column":4},"end":{"line":412,"column":54}},"310":{"start":{"line":413,"column":4},"end":{"line":413,"column":52}},"311":{"start":{"line":414,"column":4},"end":{"line":414,"column":51}},"312":{"start":{"line":415,"column":4},"end":{"line":415,"column":51}},"313":{"start":{"line":416,"column":4},"end":{"line":416,"column":52}},"314":{"start":{"line":417,"column":4},"end":{"line":417,"column":54}},"315":{"start":{"line":418,"column":4},"end":{"line":418,"column":52}},"316":{"start":{"line":419,"column":4},"end":{"line":419,"column":54}},"317":{"start":{"line":421,"column":4},"end":{"line":421,"column":54}},"318":{"start":{"line":422,"column":4},"end":{"line":422,"column":52}},"319":{"start":{"line":423,"column":4},"end":{"line":423,"column":54}},"320":{"start":{"line":424,"column":4},"end":{"line":424,"column":52}},"321":{"start":{"line":425,"column":4},"end":{"line":425,"column":52}},"322":{"start":{"line":426,"column":4},"end":{"line":426,"column":54}},"323":{"start":{"line":427,"column":4},"end":{"line":427,"column":52}},"324":{"start":{"line":428,"column":4},"end":{"line":428,"column":54}},"325":{"start":{"line":430,"column":4},"end":{"line":430,"column":61}},"326":{"start":{"line":431,"column":4},"end":{"line":431,"column":60}},"327":{"start":{"line":432,"column":4},"end":{"line":432,"column":62}},"328":{"start":{"line":433,"column":4},"end":{"line":433,"column":63}},"329":{"start":{"line":434,"column":4},"end":{"line":434,"column":63}},"330":{"start":{"line":435,"column":4},"end":{"line":435,"column":61}},"331":{"start":{"line":436,"column":4},"end":{"line":436,"column":61}},"332":{"start":{"line":438,"column":4},"end":{"line":438,"column":58}},"333":{"start":{"line":439,"column":4},"end":{"line":439,"column":61}},"334":{"start":{"line":440,"column":4},"end":{"line":440,"column":63}},"335":{"start":{"line":441,"column":4},"end":{"line":441,"column":61}},"336":{"start":{"line":442,"column":4},"end":{"line":442,"column":63}},"337":{"start":{"line":443,"column":4},"end":{"line":443,"column":60}},"338":{"start":{"line":444,"column":4},"end":{"line":444,"column":61}},"339":{"start":{"line":445,"column":4},"end":{"line":445,"column":58}},"340":{"start":{"line":446,"column":4},"end":{"line":446,"column":58}},"341":{"start":{"line":448,"column":4},"end":{"line":448,"column":19}},"342":{"start":{"line":451,"column":0},"end":{"line":530,"column":1}},"343":{"start":{"line":453,"column":4},"end":{"line":469,"column":5}},"344":{"start":{"line":455,"column":8},"end":{"line":459,"column":9}},"345":{"start":{"line":457,"column":12},"end":{"line":457,"column":30}},"346":{"start":{"line":458,"column":12},"end":{"line":458,"column":34}},"347":{"start":{"line":460,"column":8},"end":{"line":463,"column":9}},"348":{"start":{"line":462,"column":12},"end":{"line":462,"column":28}},"349":{"start":{"line":465,"column":8},"end":{"line":468,"column":9}},"350":{"start":{"line":467,"column":12},"end":{"line":467,"column":29}},"351":{"start":{"line":471,"column":4},"end":{"line":482,"column":5}},"352":{"start":{"line":473,"column":8},"end":{"line":476,"column":9}},"353":{"start":{"line":475,"column":12},"end":{"line":475,"column":28}},"354":{"start":{"line":478,"column":8},"end":{"line":481,"column":9}},"355":{"start":{"line":480,"column":12},"end":{"line":480,"column":29}},"356":{"start":{"line":484,"column":4},"end":{"line":484,"column":18}},"357":{"start":{"line":486,"column":4},"end":{"line":489,"column":5}},"358":{"start":{"line":488,"column":8},"end":{"line":488,"column":24}},"359":{"start":{"line":491,"column":4},"end":{"line":498,"column":5}},"360":{"start":{"line":493,"column":8},"end":{"line":493,"column":23}},"361":{"start":{"line":497,"column":8},"end":{"line":497,"column":21}},"362":{"start":{"line":500,"column":4},"end":{"line":503,"column":5}},"363":{"start":{"line":502,"column":8},"end":{"line":502,"column":24}},"364":{"start":{"line":505,"column":4},"end":{"line":508,"column":5}},"365":{"start":{"line":507,"column":8},"end":{"line":507,"column":24}},"366":{"start":{"line":510,"column":4},"end":{"line":517,"column":5}},"367":{"start":{"line":512,"column":8},"end":{"line":512,"column":21}},"368":{"start":{"line":516,"column":8},"end":{"line":516,"column":21}},"369":{"start":{"line":519,"column":4},"end":{"line":522,"column":5}},"370":{"start":{"line":521,"column":8},"end":{"line":521,"column":24}},"371":{"start":{"line":524,"column":4},"end":{"line":527,"column":5}},"372":{"start":{"line":526,"column":8},"end":{"line":526,"column":24}},"373":{"start":{"line":533,"column":0},"end":{"line":624,"column":1}},"374":{"start":{"line":535,"column":4},"end":{"line":535,"column":18}},"375":{"start":{"line":537,"column":4},"end":{"line":537,"column":15}},"376":{"start":{"line":539,"column":4},"end":{"line":539,"column":86}},"377":{"start":{"line":540,"column":4},"end":{"line":540,"column":36}},"378":{"start":{"line":541,"column":4},"end":{"line":541,"column":27}},"379":{"start":{"line":542,"column":4},"end":{"line":542,"column":29}},"380":{"start":{"line":544,"column":4},"end":{"line":544,"column":49}},"381":{"start":{"line":546,"column":4},"end":{"line":546,"column":74}},"382":{"start":{"line":547,"column":4},"end":{"line":547,"column":37}},"383":{"start":{"line":548,"column":4},"end":{"line":548,"column":72}},"384":{"start":{"line":550,"column":4},"end":{"line":550,"column":46}},"385":{"start":{"line":551,"column":4},"end":{"line":551,"column":69}},"386":{"start":{"line":551,"column":45},"end":{"line":551,"column":65}},"387":{"start":{"line":554,"column":4},"end":{"line":554,"column":46}},"388":{"start":{"line":555,"column":4},"end":{"line":555,"column":69}},"389":{"start":{"line":555,"column":45}
[...]
,"type":"if","locations":[{"start":{"line":1492,"column":9},"end":{"line":1492,"column":9}},{"start":{"line":1492,"column":9},"end":{"line":1492,"column":9}}]},"119":{"line":1496,"type":"if","locations":[{"start":{"line":1496,"column":9},"end":{"line":1496,"column":9}},{"start":{"line":1496,"column":9},"end":{"line":1496,"column":9}}]},"120":{"line":1500,"type":"if","locations":[{"start":{"line":1500,"column":9},"end":{"line":1500,"column":9}},{"start":{"line":1500,"column":9},"end":{"line":1500,"column":9}}]},"121":{"line":1504,"type":"if","locations":[{"start":{"line":1504,"column":9},"end":{"line":1504,"column":9}},{"start":{"line":1504,"column":9},"end":{"line":1504,"column":9}}]},"122":{"line":1508,"type":"if","locations":[{"start":{"line":1508,"column":9},"end":{"line":1508,"column":9}},{"start":{"line":1508,"column":9},"end":{"line":1508,"column":9}}]},"123":{"line":1512,"type":"if","locations":[{"start":{"line":1512,"column":9},"end":{"line":1512,"column":9}},{"start":{"line":1512,"column":9},"end":{"line":1512,"column":9}}]},"124":{"line":1516,"type":"if","locations":[{"start":{"line":1516,"column":9},"end":{"line":1516,"column":9}},{"start":{"line":1516,"column":9},"end":{"line":1516,"column":9}}]},"125":{"line":1524,"type":"if","locations":[{"start":{"line":1524,"column":4},"end":{"line":1524,"column":4}},{"start":{"line":1524,"column":4},"end":{"line":1524,"column":4}}]},"126":{"line":1528,"type":"if","locations":[{"start":{"line":1528,"column":9},"end":{"line":1528,"column":9}},{"start":{"line":1528,"column":9},"end":{"line":1528,"column":9}}]},"127":{"line":1532,"type":"if","locations":[{"start":{"line":1532,"column":9},"end":{"line":1532,"column":9}},{"start":{"line":1532,"column":9},"end":{"line":1532,"column":9}}]},"128":{"line":1536,"type":"if","locations":[{"start":{"line":1536,"column":9},"end":{"line":1536,"column":9}},{"start":{"line":1536,"column":9},"end":{"line":1536,"column":9}}]},"129":{"line":1540,"type":"if","locations":[{"start":{"line":1540,"column":9},"end":{"line":1540,"column":9}},{"start":{"line":1540,"column":9},"end":{"line":1540,"column":9}}]},"130":{"line":1544,"type":"if","locations":[{"start":{"line":1544,"column":9},"end":{"line":1544,"column":9}},{"start":{"line":1544,"column":9},"end":{"line":1544,"column":9}}]},"131":{"line":1548,"type":"if","locations":[{"start":{"line":1548,"column":9},"end":{"line":1548,"column":9}},{"start":{"line":1548,"column":9},"end":{"line":1548,"column":9}}]},"132":{"line":1552,"type":"if","locations":[{"start":{"line":1552,"column":9},"end":{"line":1552,"column":9}},{"start":{"line":1552,"column":9},"end":{"line":1552,"column":9}}]},"133":{"line":1556,"type":"if","locations":[{"start":{"line":1556,"column":9},"end":{"line":1556,"column":9}},{"start":{"line":1556,"column":9},"end":{"line":1556,"column":9}}]},"134":{"line":1556,"type":"binary-expr","locations":[{"start":{"line":1556,"column":12},"end":{"line":1556,"column":30}},{"start":{"line":1556,"column":34},"end":{"line":1556,"column":52}}]},"135":{"line":1560,"type":"if","locations":[{"start":{"line":1560,"column":9},"end":{"line":1560,"column":9}},{"start":{"line":1560,"column":9},"end":{"line":1560,"column":9}}]},"136":{"line":1560,"type":"binary-expr","locations":[{"start":{"line":1560,"column":12},"end":{"line":1560,"column":31}},{"start":{"line":1560,"column":35},"end":{"line":1560,"column":54}}]},"137":{"line":1568,"type":"if","locations":[{"start":{"line":1568,"column":4},"end":{"line":1568,"column":4}},{"start":{"line":1568,"column":4},"end":{"line":1568,"column":4}}]},"138":{"line":1572,"type":"if","locations":[{"start":{"line":1572,"column":9},"end":{"line":1572,"column":9}},{"start":{"line":1572,"column":9},"end":{"line":1572,"column":9}}]},"139":{"line":1576,"type":"if","locations":[{"start":{"line":1576,"column":9},"end":{"line":1576,"column":9}},{"start":{"line":1576,"column":9},"end":{"line":1576,"column":9}}]},"140":{"line":1580,"type":"if","locations":[{"start":{"line":1580,"column":9},"end":{"line":1580,"column":9}},{"start":{"line":1580,"column":9},"end":{"line":1580,"column":9}}]},"141":{"line":1584,"type":"if","locations":[{"start":{"line":1584,"column":9},"end":{"line":1584,"column":9}},{"start":{"line":1584,"column":9},"end":{"line":1584,"column":9}}]},"142":{"line":1588,"type":"if","locations":[{"start":{"line":1588,"column":9},"end":{"line":1588,"column":9}},{"start":{"line":1588,"column":9},"end":{"line":1588,"column":9}}]},"143":{"line":1592,"type":"if","locations":[{"start":{"line":1592,"column":9},"end":{"line":1592,"column":9}},{"start":{"line":1592,"column":9},"end":{"line":1592,"column":9}}]},"144":{"line":1596,"type":"if","locations":[{"start":{"line":1596,"column":9},"end":{"line":1596,"column":9}},{"start":{"line":1596,"column":9},"end":{"line":1596,"column":9}}]},"145":{"line":1600,"type":"if","locations":[{"start":{"line":1600,"column":9},"end":{"line":1600,"column":9}},{"start":{"line":1600,"column":9},"end":{"line":1600,"column":9}}]},"146":{"line":1600,"type":"binary-expr","locations":[{"start":{"line":1600,"column":12},"end":{"line":1600,"column":30}},{"start":{"line":1600,"column":34},"end":{"line":1600,"column":52}}]},"147":{"line":1604,"type":"if","locations":[{"start":{"line":1604,"column":9},"end":{"line":1604,"column":9}},{"start":{"line":1604,"column":9},"end":{"line":1604,"column":9}}]},"148":{"line":1604,"type":"binary-expr","locations":[{"start":{"line":1604,"column":12},"end":{"line":1604,"column":31}},{"start":{"line":1604,"column":35},"end":{"line":1604,"column":54}}]},"149":{"line":1699,"type":"if","locations":[{"start":{"line":1699,"column":16},"end":{"line":1699,"column":16}},{"start":{"line":1699,"column":16},"end":{"line":1699,"column":16}}]},"150":{"line":1722,"type":"if","locations":[{"start":{"line":1722,"column":12},"end":{"line":1722,"column":12}},{"start":{"line":1722,"column":12},"end":{"line":1722,"column":12}}]},"151":{"line":1741,"type":"if","locations":[{"start":{"line":1741,"column":12},"end":{"line":1741,"column":12}},{"start":{"line":1741,"column":12},"end":{"line":1741,"column":12}}]},"152":{"line":1761,"type":"if","locations":[{"start":{"line":1761,"column":12},"end":{"line":1761,"column":12}},{"start":{"line":1761,"column":12},"end":{"line":1761,"column":12}}]},"153":{"line":1789,"type":"if","locations":[{"start":{"line":1789,"column":12},"end":{"line":1789,"column":12}},{"start":{"line":1789,"column":12},"end":{"line":1789,"column":12}}]},"154":{"line":1830,"type":"if","locations":[{"start":{"line":1830,"column":12},"end":{"line":1830,"column":12}},{"start":{"line":1830,"column":12},"end":{"line":1830,"column":12}}]},"155":{"line":1888,"type":"if","locations":[{"start":{"line":1888,"column":16},"end":{"line":1888,"column":16}},{"start":{"line":1888,"column":16},"end":{"line":1888,"column":16}}]},"156":{"line":1911,"type":"if","locations":[{"start":{"line":1911,"column":12},"end":{"line":1911,"column":12}},{"start":{"line":1911,"column":12},"end":{"line":1911,"column":12}}]},"157":{"line":1930,"type":"if","locations":[{"start":{"line":1930,"column":12},"end":{"line":1930,"column":12}},{"start":{"line":1930,"column":12},"end":{"line":1930,"column":12}}]},"158":{"line":1950,"type":"if","locations":[{"start":{"line":1950,"column":12},"end":{"line":1950,"column":12}},{"start":{"line":1950,"column":12},"end":{"line":1950,"column":12}}]},"159":{"line":1978,"type":"if","locations":[{"start":{"line":1978,"column":12},"end":{"line":1978,"column":12}},{"start":{"line":1978,"column":12},"end":{"line":1978,"column":12}}]},"160":{"line":2044,"type":"if","locations":[{"start":{"line":2044,"column":16},"end":{"line":2044,"column":16}},{"start":{"line":2044,"column":16},"end":{"line":2044,"column":16}}]},"161":{"line":2065,"type":"if","locations":[{"start":{"line":2065,"column":12},"end":{"line":2065,"column":12}},{"start":{"line":2065,"column":12},"end":{"line":2065,"column":12}}]},"162":{"line":2084,"type":"if","locations":[{"start":{"line":2084,"column":12},"end":{"line":2084,"column":12}},{"start":{"line":2084,"column":12},"end":{"line":2084,"column":12}}]},"163":{"line":2104,"type":"if","locations":[{"start":{"line":2104,"column":12},"end":{"line":2104,"column":12}},{"start":{"line":2104,"column":12},"end":{"line":2104,"column":12}}]},"164":{"line":2132,"type":"if","locations":[{"start":{"line":2132,"column":12},"end":{"line":2132,"column":12}},{"start":{"line":2132,"column":12},"end":{"line":2132,"column":12}}]},"165":{"line":2200,"type":"if","locations":[{"start":{"line":2200,"column":16},"end":{"line":2200,"column":16}},{"start":{"line":2200,"column":16},"end":{"line":2200,"column":16}}]},"166":{"line":2223,"type":"if","locations":[{"start":{"line":2223,"column":12},"end":{"line":2223,"column":12}},{"start":{"line":2223,"column":12},"end":{"line":2223,"column":12}}]},"167":{"line":2242,"type":"if","locations":[{"start":{"line":2242,"column":12},"end":{"line":2242,"column":12}},{"start":{"line":2242,"column":12},"end":{"line":2242,"column":12}}]},"168":{"line":2262,"type":"if","locations":[{"start":{"line":2262,"column":12},"end":{"line":2262,"column":12}},{"start":{"line":2262,"column":12},"end":{"line":2262,"column":12}}]},"169":{"line":2288,"type":"if","locations":[{"start":{"line":2288,"column":12},"end":{"line":2288,"column":12}},{"start":{"line":2288,"column":12},"end":{"line":2288,"column":12}}]},"170":{"line":2353,"type":"if","locations":[{"start":{"line":2353,"column":16},"end":{"line":2353,"column":16}},{"start":{"line":2353,"column":16},"end":{"line":2353,"column":16}}]},"171":{"line":2376,"type":"if","locations":[{"start":{"line":2376,"column":12},"end":{"line":2376,"column":12}},{"start":{"line":2376,"column":12},"end":{"line":2376,"column":12}}]},"172":{"line":2430,"type":"if","locations":[{"start":{"line":2430,"column":16},"end":{"line":2430,"column":16}},{"start":{"line":2430,"column":16},"end":{"line":2430,"column":16}}]},"173":{"line":2453,"type":"if","locations":[{"start":{"line":2453,"column":12},"end":{"line":2453,"column":12}},{"start":{"line":2453,"column":12},"end":{"line":2453,"column":12}}]},"174":{"line":2511,"type":"if","locations":[{"start":{"line":2511,"column":16},"end":{"line":2511,"column":16}},{"start":{"line":2511,"column":16},"end":{"line":2511,"column":16}}]},"175":{"line":2529,"type":"if","locations":[{"start":{"line":2529,"column":16},"end":{"line":2529,"column":16}},{"start":{"line":2529,"column":16},"end":{"line":2529,"column":16}}]},"176":{"line":2545,"type":"if","locations":[{"start":{"line":2545,"column":12},"end":{"line":2545,"column":12}},{"start":{"line":2545,"column":12},"end":{"line":2545,"column":12}}]},"177":{"line":2563,"type":"if","locations":[{"start":{"line":2563,"column":12},"end":{"line":2563,"column":12}},{"start":{"line":2563,"column":12},"end":{"line":2563,"column":12}}]},"178":{"line":2585,"type":"if","locations":[{"start":{"line":2585,"column":12},"end":{"line":2585,"column":12}},{"start":{"line":2585,"column":12},"end":{"line":2585,"column":12}}]},"179":{"line":2601,"type":"if","locations":[{"start":{"line":2601,"column":12},"end":{"line":2601,"column":12}},{"start":{"line":2601,"column":12},"end":{"line":2601,"column":12}}]},"180":{"line":2619,"type":"if","locations":[{"start":{"line":2619,"column":12},"end":{"line":2619,"column":12}},{"start":{"line":2619,"column":12},"end":{"line":2619,"column":12}}]},"181":{"line":2679,"type":"if","locations":[{"start":{"line":2679,"column":16},"end":{"line":2679,"column":16}},{"start":{"line":2679,"column":16},"end":{"line":2679,"column":16}}]},"182":{"line":2700,"type":"if","locations":[{"start":{"line":2700,"column":12},"end":{"line":2700,"column":12}},{"start":{"line":2700,"column":12},"end":{"line":2700,"column":12}}]},"183":{"line":2718,"type":"if","locations":[{"start":{"line":2718,"column":12},"end":{"line":2718,"column":12}},{"start":{"line":2718,"column":12},"end":{"line":2718,"column":12}}]},"184":{"line":2736,"type":"if","locations":[{"start":{"line":2736,"column":12},"end":{"line":2736,"column":12}},{"start":{"line":2736,"column":12},"end":{"line":2736,"column":12}}]},"185":{"line":2736,"type":"binary-expr","locations":[{"start":{"line":2736,"column":15},"end":{"line":2736,"column":27}},{"start":{"line":2736,"column":31},"end":{"line":2736,"column":41}}]},"186":{"line":2758,"type":"if","locations":[{"start":{"line":2758,"column":12},"end":{"line":2758,"column":12}},{"start":{"line":2758,"column":12},"end":{"line":2758,"column":12}}]},"187":{"line":2774,"type":"if","locations":[{"start":{"line":2774,"column":12},"end":{"line":2774,"column":12}},{"start":{"line":2774,"column":12},"end":{"line":2774,"column":12}}]},"188":{"line":2790,"type":"if","locations":[{"start":{"line":2790,"column":12},"end":{"line":2790,"column":12}},{"start":{"line":2790,"column":12},"end":{"line":2790,"column":12}}]},"189":{"line":2808,"type":"if","locations":[{"start":{"line":2808,"column":12},"end":{"line":2808,"column":12}},{"start":{"line":2808,"column":12},"end":{"line":2808,"column":12}}]},"190":{"line":2808,"type":"binary-expr","locations":[{"start":{"line":2808,"column":15},"end":{"line":2808,"column":27}},{"start":{"line":2808,"column":31},"end":{"line":2808,"column":41}}]},"191":{"line":2829,"type":"if","locations":[{"start":{"line":2829,"column":8},"end":{"line":2829,"column":8}},{"start":{"line":2829,"column":8},"end":{"line":2829,"column":8}}]},"192":{"line":2882,"type":"if","locations":[{"start":{"line":2882,"column":12},"end":{"line":2882,"column":12}},{"start":{"line":2882,"column":12},"end":{"line":2882,"column":12}}]},"193":{"line":2902,"type":"if","locations":[{"start":{"line":2902,"column":12},"end":{"line":2902,"column":12}},{"start":{"line":2902,"column":12},"end":{"line":2902,"column":12}}]},"194":{"line":2919,"type":"if","locations":[{"start":{"line":2919,"column":12},"end":{"line":2919,"column":12}},{"start":{"line":2919,"column":12},"end":{"line":2919,"column":12}}]},"195":{"line":2937,"type":"if","locations":[{"start":{"line":2937,"column":12},"end":{"line":2937,"column":12}},{"start":{"line":2937,"column":12},"end":{"line":2937,"column":12}}]},"196":{"line":2937,"type":"binary-expr","locations":[{"start":{"line":2937,"column":15},"end":{"line":2937,"column":27}},{"start":{"line":2937,"column":31},"end":{"line":2937,"column":41}}]},"197":{"line":2958,"type":"if","locations":[{"start":{"line":2958,"column":12},"end":{"line":2958,"column":12}},{"start":{"line":2958,"column":12},"end":{"line":2958,"column":12}}]},"198":{"line":2972,"type":"if","locations":[{"start":{"line":2972,"column":12},"end":{"line":2972,"column":12}},{"start":{"line":2972,"column":12},"end":{"line":2972,"column":12}}]},"199":{"line":2986,"type":"if","locations":[{"start":{"line":2986,"column":12},"end":{"line":2986,"column":12}},{"start":{"line":2986,"column":12},"end":{"line":2986,"column":12}}]},"200":{"line":3004,"type":"if","locations":[{"start":{"line":3004,"column":12},"end":{"line":3004,"column":12}},{"start":{"line":3004,"column":12},"end":{"line":3004,"column":12}}]},"201":{"line":3004,"type":"binary-expr","locations":[{"start":{"line":3004,"column":15},"end":{"line":3004,"column":27}},{"start":{"line":3004,"column":31},"end":{"line":3004,"column":41}}]},"202":{"line":3023,"type":"if","locations":[{"start":{"line":3023,"column":12},"end":{"line":3023,"column":12}},{"start":{"line":3023,"column":12},"end":{"line":3023,"column":12}}]},"203":{"line":3076,"type":"if","locations":[{"start":{"line":3076,"column":12},"end":{"line":3076,"column":12}},{"start":{"line":3076,"column":12},"end":{"line":3076,"column":12}}]},"204":{"line":3096,"type":"if","locations":[{"start":{"line":3096,"column":12},"end":{"line":3096,"column":12}},{"start":{"line":3096,"column":12},"end":{"line":3096,"column":12}}]},"205":{"line":3113,"type":"if","locations":[{"start":{"line":3113,"column":12},"end":{"line":3113,"column":12}},{"start":{"line":3113,"column":12},"end":{"line":3113,"column":12}}]},"206":{"line":3131,"type":"if","locations":[{"start":{"line":3131,"column":12},"end":{"line":3131,"column":12}},{"start":{"line":3131,"column":12},"end":{"line":3131,"column":12}}]},"207":{"line":3131,"type":"binary-expr","locations":[{"start":{"line":3131,"column":15},"end":{"line":3131,"column":27}},{"start":{"line":3131,"column":31},"end":{"line":3131,"column":41}}]},"208":{"line":3153,"type":"if","locations":[{"start":{"line":3153,"column":12},"end":{"line":3153,"column":12}},{"start":{"line":3153,"column":12},"end":{"line":3153,"column":12}}]},"209":{"line":3167,"type":"if","locations":[{"start":{"line":3167,"column":12},"end":{"line":3167,"column":12}},{"start":{"line":3167,"column":12},"end":{"line":3167,"column":12}}]},"210":{"line":3185,"type":"if","locations":[{"start":{"line":3185,"column":12},"end":{"line":3185,"column":12}},{"start":{"line":3185,"column":12},"end":{"line":3185,"column":12}}]},"211":{"line":3185,"type":"binary-expr","locations":[{"start":{"line":3185,"column":15},"end":{"line":3185,"column":27}},{"start":{"line":3185,"column":31},"end":{"line":3185,"column":41}}]},"212":{"line":3247,"type":"if","locations":[{"start":{"line":3247,"column":16},"end":{"line":3247,"column":16}},{"start":{"line":3247,"column":16},"end":{"line":3247,"column":16}}]},"213":{"line":3265,"type":"if","locations":[{"start":{"line":3265,"column":16},"end":{"line":3265,"column":16}},{"start":{"line":3265,"column":16},"end":{"line":3265,"column":16}}]},"214":{"line":3282,"type":"if","locations":[{"start":{"line":3282,"column":12},"end":{"line":3282,"column":12}},{"start":{"line":3282,"column":12},"end":{"line":3282,"column":12}}]},"215":{"line":3302,"type":"if","locations":[{"start":{"line":3302,"column":12},"end":{"line":3302,"column":12}},{"start":{"line":3302,"column":12},"end":{"line":3302,"column":12}}]},"216":{"line":3322,"type":"if","locations":[{"start":{"line":3322,"column":12},"end":{"line":3322,"column":12}},{"start":{"line":3322,"column":12},"end":{"line":3322,"column":12}}]},"217":{"line":3347,"type":"if","locations":[{"start":{"line":3347,"column":12},"end":{"line":3347,"column":12}},{"start":{"line":3347,"column":12},"end":{"line":3347,"column":12}}]},"218":{"line":3347,"type":"binary-expr","locations":[{"start":{"line":3347,"column":15},"end":{"line":3347,"column":27}},{"start":{"line":3347,"column":31},"end":{"line":3347,"column":42}}]},"219":{"line":3408,"type":"if","locations":[{"start":{"line":3408,"column":16},"end":{"line":3408,"column":16}},{"start":{"line":3408,"column":16},"end":{"line":3408,"column":16}}]},"220":{"line":3426,"type":"if","locations":[{"start":{"line":3426,"column":16},"end":{"line":3426,"column":16}},{"start":{"line":3426,"column":16},"end":{"line":3426,"column":16}}]},"221":{"line":3443,"type":"if","locations":[{"start":{"line":3443,"column":12},"end":{"line":3443,"column":12}},{"start":{"line":3443,"column":12},"end":{"line":3443,"column":12}}]},"222":{"line":3460,"type":"if","locations":[{"start":{"line":3460,"column":12},"end":{"line":3460,"column":12}},{"start":{"line":3460,"column":12},"end":{"line":3460,"column":12}}]},"223":{"line":3477,"type":"if","locations":[{"start":{"line":3477,"column":12},"end":{"line":3477,"column":12}},{"start":{"line":3477,"column":12},"end":{"line":3477,"column":12}}]},"224":{"line":3496,"type":"if","locations":[{"start":{"line":3496,"column":12},"end":{"line":3496,"column":12}},{"start":{"line":3496,"column":12},"end":{"line":3496,"column":12}}]},"225":{"line":3514,"type":"if","locations":[{"start":{"line":3514,"column":12},"end":{"line":3514,"column":12}},{"start":{"line":3514,"column":12},"end":{"line":3514,"column":12}}]},"226":{"line":3533,"type":"if","locations":[{"start":{"line":3533,"column":12},"end":{"line":3533,"column":12}},{"start":{"line":3533,"column":12},"end":{"line":3533,"column":12}}]},"227":{"line":3533,"type":"binary-expr","locations":[{"start":{"line":3533,"column":15},"end":{"line":3533,"column":27}},{"start":{"line":3533,"column":31},"end":{"line":3533,"column":42}}]}}}}