TN:
SF:C:\wamp64\www\Fingrafimi\game.js
FN:56,preload
FN:304,(anonymous_2)
FN:345,create
FN:451,update
FN:533,loadHomePage
FN:551,(anonymous_6)
FN:555,(anonymous_7)
FN:559,(anonymous_8)
FN:563,(anonymous_9)
FN:567,(anonymous_10)
FN:571,(anonymous_11)
FN:575,(anonymous_12)
FN:579,(anonymous_13)
FN:583,(anonymous_14)
FN:587,(anonymous_15)
FN:591,(anonymous_16)
FN:595,(anonymous_17)
FN:608,(anonymous_18)
FN:611,(anonymous_19)
FN:614,(anonymous_20)
FN:619,(anonymous_21)
FN:626,initTextVariables
FN:635,initWarmUps
FN:644,initGame
FN:651,Assignment
FN:683,(anonymous_26)
FN:713,(anonymous_27)
FN:718,stopKeyboardAnimations
FN:720,(anonymous_29)
FN:730,keyPress
FN:906,finishedAssignment
FN:919,findNextExercise
FN:939,addMuteButton
FN:943,(anonymous_34)
FN:949,(anonymous_35)
FN:970,muteSound
FN:984,addExitButton
FN:988,(anonymous_38)
FN:989,(anonymous_39)
FN:996,addLogo
FN:1002,addLogoAndAssignmentID
FN:1005,(anonymous_42)
FN:1010,(anonymous_43)
FN:1021,addSkipButton
FN:1025,(anonymous_45)
FN:1026,(anonymous_46)
FN:1027,(anonymous_47)
FN:1030,addBalloon
FN:1061,addFinalSound
FN:1067,(anonymous_50)
FN:1071,(anonymous_51)
FN:1075,(anonymous_52)
FN:1079,(anonymous_53)
FN:1083,(anonymous_54)
FN:1087,(anonymous_55)
FN:1091,(anonymous_56)
FN:1095,(anonymous_57)
FN:1099,(anonymous_58)
FN:1103,(anonymous_59)
FN:1107,(anonymous_60)
FN:1111,(anonymous_61)
FN:1116,quitExercise
FN:1122,addExercises
FN:1179,loadBackground
FN:1209,addExerciseImages
FN:1226,(anonymous_66)
FN:1233,(anonymous_67)
FN:1238,loadKeyboard
FN:1354,addLogo
FN:1360,Instructions
FN:1386,(anonymous_71)
FN:1391,addInstructionAnimation
FN:1430,addAssignmentInstructor
FN:1470,addInstructionSound
FN:1522,addComplimentSound
FN:1566,addFinishSound
FN:1610,InstructionFJ
FN:1641,(anonymous_78)
FN:1646,WarmUpFJ
FN:1687,(anonymous_80)
FN:1695,(anonymous_81)
FN:1714,(anonymous_82)
FN:1719,(anonymous_83)
FN:1734,(anonymous_84)
FN:1738,(anonymous_85)
FN:1756,(anonymous_86)
FN:1760,(anonymous_87)
FN:1768,(anonymous_88)
FN:1784,(anonymous_89)
FN:1788,(anonymous_90)
FN:1796,(anonymous_91)
FN:1821,(anonymous_92)
FN:1825,(anonymous_93)
FN:1829,(anonymous_94)
FN:1833,(anonymous_95)
FN:1845,WarmUpDK
FN:1876,(anonymous_97)
FN:1884,(anonymous_98)
FN:1903,(anonymous_99)
FN:1908,(anonymous_100)
FN:1923,(anonymous_101)
FN:1927,(anonymous_102)
FN:1945,(anonymous_103)
FN:1949,(anonymous_104)
FN:1957,(anonymous_105)
FN:1973,(anonymous_106)
FN:1977,(anonymous_107)
FN:1985,(anonymous_108)
FN:2001,WarmUpSL
FN:2032,(anonymous_110)
FN:2040,(anonymous_111)
FN:2057,(anonymous_112)
FN:2062,(anonymous_113)
FN:2077,(anonymous_114)
FN:2081,(anonymous_115)
FN:2099,(anonymous_116)
FN:2103,(anonymous_117)
FN:2111,(anonymous_118)
FN:2127,(anonymous_119)
FN:2131,(anonymous_120)
FN:2139,(anonymous_121)
FN:2157,WarmUpAAE
FN:2188,(anonymous_123)
FN:2196,(anonymous_124)
FN:2215,(anonymous_125)
FN:2220,(anonymous_126)
FN:2235,(anonymous_127)
FN:2239,(anonymous_128)
FN:2257,(anonymous_129)
FN:2261,(anonymous_130)
FN:2269,(anonymous_131)
FN:2283,(anonymous_132)
FN:2287,(anonymous_133)
FN:2295,(anonymous_134)
FN:2312,WarmUpALL1
FN:2341,(anonymous_136)
FN:2349,(anonymous_137)
FN:2368,(anonymous_138)
FN:2373,(anonymous_139)
FN:2390,WarmUpALL2
FN:2418,(anonymous_141)
FN:2426,(anonymous_142)
FN:2445,(anonymous_143)
FN:2450,(anonymous_144)
FN:2469,WarmUpEH
FN:2500,(anonymous_146)
FN:2507,(anonymous_147)
FN:2522,(anonymous_148)
FN:2527,(anonymous_149)
FN:2540,(anonymous_150)
FN:2544,(anonymous_151)
FN:2558,(anonymous_152)
FN:2562,(anonymous_153)
FN:2570,(anonymous_154)
FN:2581,(anonymous_155)
FN:2584,(anonymous_156)
FN:2596,(anonymous_157)
FN:2600,(anonymous_158)
FN:2614,(anonymous_159)
FN:2618,(anonymous_160)
FN:2626,(anonymous_161)
FN:2639,WarmUpIG
FN:2668,(anonymous_163)
FN:2675,(anonymous_164)
FN:2692,(anonymous_165)
FN:2697,(anonymous_166)
FN:2712,(anonymous_167)
FN:2716,(anonymous_168)
FN:2731,(anonymous_169)
FN:2735,(anonymous_170)
FN:2743,(anonymous_171)
FN:2753,(anonymous_172)
FN:2757,(anonymous_173)
FN:2769,(anonymous_174)
FN:2773,(anonymous_175)
FN:2785,(anonymous_176)
FN:2789,(anonymous_177)
FN:2803,(anonymous_178)
FN:2807,(anonymous_179)
FN:2815,(anonymous_180)
FN:2825,(anonymous_181)
FN:2828,(anonymous_182)
FN:2842,WarmUpBN
FN:2872,(anonymous_184)
FN:2878,(anonymous_185)
FN:2895,(anonymous_186)
FN:2900,(anonymous_187)
FN:2912,(anonymous_188)
FN:2916,(anonymous_189)
FN:2932,(anonymous_190)
FN:2936,(anonymous_191)
FN:2944,(anonymous_192)
FN:2954,(anonymous_193)
FN:2957,(anonymous_194)
FN:2968,(anonymous_195)
FN:2971,(anonymous_196)
FN:2982,(anonymous_197)
FN:2985,(anonymous_198)
FN:2999,(anonymous_199)
FN:3003,(anonymous_200)
FN:3011,(anonymous_201)
FN:3019,(anonymous_202)
FN:3022,(anonymous_203)
FN:3036,WarmUpRO
FN:3066,(anonymous_205)
FN:3072,(anonymous_206)
FN:3089,(anonymous_207)
FN:3094,(anonymous_208)
FN:3106,(anonymous_209)
FN:3110,(anonymous_210)
FN:3126,(anonymous_211)
FN:3130,(anonymous_212)
FN:3138,(anonymous_213)
FN:3149,(anonymous_214)
FN:3152,(anonymous_215)
FN:3163,(anonymous_216)
FN:3166,(anonymous_217)
FN:3180,(anonymous_218)
FN:3184,(anonymous_219)
FN:3192,(anonymous_220)
FN:3205,WarmUpBRODD
FN:3235,(anonymous_222)
FN:3243,(anonymous_223)
FN:3258,(anonymous_224)
FN:3263,(anonymous_225)
FN:3275,(anonymous_226)
FN:3279,(anonymous_227)
FN:3295,(anonymous_228)
FN:3299,(anonymous_229)
FN:3315,(anonymous_230)
FN:3319,(anonymous_231)
FN:3342,(anonymous_232)
FN:3346,(anonymous_233)
FN:3354,(anonymous_234)
FN:3367,WarmUpHA
FN:3397,(anonymous_236)
FN:3404,(anonymous_237)
FN:3419,(anonymous_238)
FN:3424,(anonymous_239)
FN:3436,(anonymous_240)
FN:3440,(anonymous_241)
FN:3453,(anonymous_242)
FN:3457,(anonymous_243)
FN:3470,(anonymous_244)
FN:3474,(anonymous_245)
FN:3489,(anonymous_246)
FN:3493,(anonymous_247)
FN:3507,(anonymous_248)
FN:3511,(anonymous_249)
FN:3528,(anonymous_250)
FN:3532,(anonymous_251)
FN:3540,(anonymous_252)
FN:3552,loadAbout
FN:3557,(anonymous_254)
FN:3558,(anonymous_255)
FN:3559,(anonymous_256)
FNF:256
FNH:0
FNDA:0,preload
FNDA:0,(anonymous_2)
FNDA:0,create
FNDA:0,update
FNDA:0,loadHomePage
FNDA:0,(anonymous_6)
FNDA:0,(anonymous_7)
FNDA:0,(anonymous_8)
FNDA:0,(anonymous_9)
FNDA:0,(anonymous_10)
FNDA:0,(anonymous_11)
FNDA:0,(anonymous_12)
FNDA:0,(anonymous_13)
FNDA:0,(anonymous_14)
FNDA:0,(anonymous_15)
FNDA:0,(anonymous_16)
FNDA:0,(anonymous_17)
FNDA:0,(anonymous_18)
FNDA:0,(anonymous_19)
FNDA:0,(anonymous_20)
FNDA:0,(anonymous_21)
FNDA:0,initTextVariables
FNDA:0,initWarmUps
FNDA:0,initGame
FNDA:0,Assignment
FNDA:0,(anonymous_26)
FNDA:0,(anonymous_27)
FNDA:0,stopKeyboardAnimations
FNDA:0,(anonymous_29)
FNDA:0,keyPress
FNDA:0,finishedAssignment
FNDA:0,findNextExercise
FNDA:0,addMuteButton
FNDA:0,(anonymous_34)
FNDA:0,(anonymous_35)
FNDA:0,muteSound
FNDA:0,addExitButton
FNDA:0,(anonymous_38)
FNDA:0,(anonymous_39)
FNDA:0,addLogo
FNDA:0,addLogoAndAssignmentID
FNDA:0,(anonymous_42)
FNDA:0,(anonymous_43)
FNDA:0,addSkipButton
FNDA:0,(anonymous_45)
FNDA:0,(anonymous_46)
FNDA:0,(anonymous_47)
FNDA:0,addBalloon
FNDA:0,addFinalSound
FNDA:0,(anonymous_50)
FNDA:0,(anonymous_51)
FNDA:0,(anonymous_52)
FNDA:0,(anonymous_53)
FNDA:0,(anonymous_54)
FNDA:0,(anonymous_55)
FNDA:0,(anonymous_56)
FNDA:0,(anonymous_57)
FNDA:0,(anonymous_58)
FNDA:0,(anonymous_59)
FNDA:0,(anonymous_60)
FNDA:0,(anonymous_61)
FNDA:0,quitExercise
FNDA:0,addExercises
FNDA:0,loadBackground
FNDA:0,addExerciseImages
FNDA:0,(anonymous_66)
FNDA:0,(anonymous_67)
FNDA:0,loadKeyboard
FNDA:0,addLogo
FNDA:0,Instructions
FNDA:0,(anonymous_71)
FNDA:0,addInstructionAnimation
FNDA:0,addAssignmentInstructor
FNDA:0,addInstructionSound
FNDA:0,addComplimentSound
FNDA:0,addFinishSound
FNDA:0,InstructionFJ
FNDA:0,(anonymous_78)
FNDA:0,WarmUpFJ
FNDA:0,(anonymous_80)
FNDA:0,(anonymous_81)
FNDA:0,(anonymous_82)
FNDA:0,(anonymous_83)
FNDA:0,(anonymous_84)
FNDA:0,(anonymous_85)
FNDA:0,(anonymous_86)
FNDA:0,(anonymous_87)
FNDA:0,(anonymous_88)
FNDA:0,(anonymous_89)
FNDA:0,(anonymous_90)
FNDA:0,(anonymous_91)
FNDA:0,(anonymous_92)
FNDA:0,(anonymous_93)
FNDA:0,(anonymous_94)
FNDA:0,(anonymous_95)
FNDA:0,WarmUpDK
FNDA:0,(anonymous_97)
FNDA:0,(anonymous_98)
FNDA:0,(anonymous_99)
FNDA:0,(anonymous_100)
FNDA:0,(anonymous_101)
FNDA:0,(anonymous_102)
FNDA:0,(anonymous_103)
FNDA:0,(anonymous_104)
FNDA:0,(anonymous_105)
FNDA:0,(anonymous_106)
FNDA:0,(anonymous_107)
FNDA:0,(anonymous_108)
FNDA:0,WarmUpSL
FNDA:0,(anonymous_110)
FNDA:0,(anonymous_111)
FNDA:0,(anonymous_112)
FNDA:0,(anonymous_113)
FNDA:0,(anonymous_114)
FNDA:0,(anonymous_115)
FNDA:0,(anonymous_116)
FNDA:0,(anonymous_117)
FNDA:0,(anonymous_118)
FNDA:0,(anonymous_119)
FNDA:0,(anonymous_120)
FNDA:0,(anonymous_121)
FNDA:0,WarmUpAAE
FNDA:0,(anonymous_123)
FNDA:0,(anonymous_124)
FNDA:0,(anonymous_125)
FNDA:0,(anonymous_126)
FNDA:0,(anonymous_127)
FNDA:0,(anonymous_128)
FNDA:0,(anonymous_129)
FNDA:0,(anonymous_130)
FNDA:0,(anonymous_131)
FNDA:0,(anonymous_132)
FNDA:0,(anonymous_133)
FNDA:0,(anonymous_134)
FNDA:0,WarmUpALL1
FNDA:0,(anonymous_136)
FNDA:0,(anonymous_137)
FNDA:0,(anonymous_138)
FNDA:0,(anonymous_139)
FNDA:0,WarmUpALL2
FNDA:0,(anonymous_141)
FNDA:0,(anonymous_142)
FNDA:0,(anonymous_143)
FNDA:0,(anonymous_144)
FNDA:0,WarmUpEH
FNDA:0,(anonymous_146)
FNDA:0,(anonymous_147)
FNDA:0,(anonymous_148)
FNDA:0,(anonymous_149)
FNDA:0,(anonymous_150)
FNDA:0,(anonymous_151)
FNDA:0,(anonymous_152)
FNDA:0,(anonymous_153)
FNDA:0,(anonymous_154)
FNDA:0,(anonymous_155)
FNDA:0,(anonymous_156)
FNDA:0,(anonymous_157)
FNDA:0,(anonymous_158)
FNDA:0,(anonymous_159)
FNDA:0,(anonymous_160)
FNDA:0,(anonymous_161)
FNDA:0,WarmUpIG
FNDA:0,(anonymous_163)
FNDA:0,(anonymous_164)
FNDA:0,(anonymous_165)
FNDA:0,(anonymous_166)
FNDA:0,(anonymous_167)
FNDA:0,(anonymous_168)
FNDA:0,(anonymous_169)
FNDA:0,(anonymous_170)
FNDA:0,(anonymous_171)
FNDA:0,(anonymous_172)
FNDA:0,(anonymous_173)
FNDA:0,(anonymous_174)
FNDA:0,(anonymous_175)
FNDA:0,(anonymous_176)
FNDA:0,(anonymous_177)
FNDA:0,(anonymous_178)
FNDA:0,(anonymous_179)
FNDA:0,(anonymous_180)
FNDA:0,(anonymous_181)
FNDA:0,(anonymous_182)
FNDA:0,WarmUpBN
FNDA:0,(anonymous_184)
FNDA:0,(anonymous_185)
FNDA:0,(anonymous_186)
FNDA:0,(anonymous_187)
FNDA:0,(anonymous_188)
FNDA:0,(anonymous_189)
FNDA:0,(anonymous_190)
FNDA:0,(anonymous_191)
FNDA:0,(anonymous_192)
FNDA:0,(anonymous_193)
FNDA:0,(anonymous_194)
FNDA:0,(anonymous_195)
FNDA:0,(anonymous_196)
FNDA:0,(anonymous_197)
FNDA:0,(anonymous_198)
FNDA:0,(anonymous_199)
FNDA:0,(anonymous_200)
FNDA:0,(anonymous_201)
FNDA:0,(anonymous_202)
FNDA:0,(anonymous_203)
FNDA:0,WarmUpRO
FNDA:0,(anonymous_205)
FNDA:0,(anonymous_206)
FNDA:0,(anonymous_207)
FNDA:0,(anonymous_208)
FNDA:0,(anonymous_209)
FNDA:0,(anonymous_210)
FNDA:0,(anonymous_211)
FNDA:0,(anonymous_212)
FNDA:0,(anonymous_213)
FNDA:0,(anonymous_214)
FNDA:0,(anonymous_215)
FNDA:0,(anonymous_216)
FNDA:0,(anonymous_217)
FNDA:0,(anonymous_218)
FNDA:0,(anonymous_219)
FNDA:0,(anonymous_220)
FNDA:0,WarmUpBRODD
FNDA:0,(anonymous_222)
FNDA:0,(anonymous_223)
FNDA:0,(anonymous_224)
FNDA:0,(anonymous_225)
FNDA:0,(anonymous_226)
FNDA:0,(anonymous_227)
FNDA:0,(anonymous_228)
FNDA:0,(anonymous_229)
FNDA:0,(anonymous_230)
FNDA:0,(anonymous_231)
FNDA:0,(anonymous_232)
FNDA:0,(anonymous_233)
FNDA:0,(anonymous_234)
FNDA:0,WarmUpHA
FNDA:0,(anonymous_236)
FNDA:0,(anonymous_237)
FNDA:0,(anonymous_238)
FNDA:0,(anonymous_239)
FNDA:0,(anonymous_240)
FNDA:0,(anonymous_241)
FNDA:0,(anonymous_242)
FNDA:0,(anonymous_243)
FNDA:0,(anonymous_244)
FNDA:0,(anonymous_245)
FNDA:0,(anonymous_246)
FNDA:0,(anonymous_247)
FNDA:0,(anonymous_248)
FNDA:0,(anonymous_249)
FNDA:0,(anonymous_250)
FNDA:0,(anonymous_251)
FNDA:0,(anonymous_252)
FNDA:0,loadAbout
FNDA:0,(anonymous_254)
FNDA:0,(anonymous_255)
FNDA:0,(anonymous_256)
DA:4,1
DA:5,1
DA:6,1
DA:9,0
DA:11,0
DA:12,0
DA:13,0
DA:16,0
DA:17,0
DA:19,0
DA:20,0
DA:21,0
DA:24,0
DA:25,0
DA:26,0
DA:29,0
DA:30,0
DA:31,0
DA:34,0
DA:35,0
DA:36,0
DA:39,0
DA:40,0
DA:42,0
DA:43,0
DA:44,0
DA:45,0
DA:46,0
DA:47,0
DA:48,0
DA:49,0
DA:50,0
DA:51,0
DA:52,0
DA:53,0
DA:56,1
DA:58,0
DA:59,0
DA:60,0
DA:61,0
DA:62,0
DA:65,0
DA:66,0
DA:67,0
DA:70,0
DA:71,0
DA:72,0
DA:73,0
DA:74,0
DA:75,0
DA:76,0
DA:77,0
DA:78,0
DA:79,0
DA:80,0
DA:81,0
DA:82,0
DA:85,0
DA:86,0
DA:87,0
DA:88,0
DA:89,0
DA:90,0
DA:91,0
DA:92,0
DA:93,0
DA:94,0
DA:97,0
DA:98,0
DA:101,0
DA:102,0
DA:103,0
DA:104,0
DA:105,0
DA:106,0
DA:107,0
DA:108,0
DA:109,0
DA:110,0
DA:111,0
DA:112,0
DA:113,0
DA:116,0
DA:117,0
DA:118,0
DA:119,0
DA:120,0
DA:121,0
DA:122,0
DA:123,0
DA:124,0
DA:125,0
DA:126,0
DA:127,0
DA:128,0
DA:129,0
DA:130,0
DA:131,0
DA:132,0
DA:133,0
DA:134,0
DA:135,0
DA:136,0
DA:137,0
DA:138,0
DA:139,0
DA:140,0
DA:141,0
DA:142,0
DA:143,0
DA:144,0
DA:145,0
DA:146,0
DA:147,0
DA:148,0
DA:149,0
DA:150,0
DA:151,0
DA:152,0
DA:153,0
DA:154,0
DA:155,0
DA:156,0
DA:157,0
DA:158,0
DA:159,0
DA:160,0
DA:161,0
DA:162,0
DA:163,0
DA:164,0
DA:165,0
DA:166,0
DA:167,0
DA:168,0
DA:169,0
DA:170,0
DA:171,0
DA:172,0
DA:173,0
DA:174,0
DA:175,0
DA:176,0
DA:177,0
DA:178,0
DA:179,0
DA:180,0
DA:181,0
DA:182,0
DA:183,0
DA:184,0
DA:185,0
DA:186,0
DA:187,0
DA:188,0
DA:189,0
DA:190,0
DA:191,0
DA:192,0
DA:194,0
DA:195,0
DA:196,0
DA:197,0
DA:198,0
DA:199,0
DA:200,0
DA:201,0
DA:202,0
DA:203,0
DA:204,0
DA:205,0
DA:207,0
DA:208,0
DA:209,0
DA:210,0
DA:211,0
DA:212,0
DA:213,0
DA:214,0
DA:215,0
DA:217,0
DA:220,0
DA:221,0
DA:222,0
DA:223,0
DA:224,0
DA:225,0
DA:226,0
DA:227,0
DA:228,0
DA:229,0
DA:230,0
DA:231,0
DA:235,0
DA:236,0
DA:237,0
DA:238,0
DA:239,0
DA:241,0
DA:242,0
DA:243,0
DA:244,0
DA:245,0
DA:247,0
DA:248,0
DA:249,0
DA:250,0
DA:251,0
DA:253,0
DA:254,0
DA:255,0
DA:256,0
DA:257,0
DA:259,0
DA:260,0
DA:261,0
DA:262,0
DA:263,0
DA:266,0
DA:267,0
DA:268,0
DA:269,0
DA:270,0
DA:272,0
DA:273,0
DA:274,0
DA:275,0
DA:276,0
DA:279,0
DA:280,0
DA:281,0
DA:282,0
DA:283,0
DA:285,0
DA:286,0
DA:287,0
DA:290,0
DA:291,0
DA:292,0
DA:293,0
DA:294,0
DA:295,0
DA:296,0
DA:297,0
DA:300,0
DA:301,0
DA:302,0
DA:304,0
DA:306,0
DA:308,0
DA:310,0
DA:315,0
DA:316,0
DA:345,1
DA:347,0
DA:348,0
DA:349,0
DA:350,0
DA:351,0
DA:352,0
DA:353,0
DA:355,0
DA:357,0
DA:359,0
DA:360,0
DA:361,0
DA:362,0
DA:363,0
DA:364,0
DA:365,0
DA:367,0
DA:368,0
DA:369,0
DA:370,0
DA:372,0
DA:373,0
DA:374,0
DA:375,0
DA:377,0
DA:378,0
DA:379,0
DA:380,0
DA:382,0
DA:383,0
DA:384,0
DA:386,0
DA:387,0
DA:388,0
DA:390,0
DA:391,0
DA:392,0
DA:393,0
DA:394,0
DA:395,0
DA:396,0
DA:397,0
DA:399,0
DA:400,0
DA:401,0
DA:402,0
DA:403,0
DA:404,0
DA:405,0
DA:406,0
DA:407,0
DA:408,0
DA:410,0
DA:411,0
DA:412,0
DA:413,0
DA:414,0
DA:415,0
DA:416,0
DA:417,0
DA:418,0
DA:419,0
DA:421,0
DA:422,0
DA:423,0
DA:424,0
DA:425,0
DA:426,0
DA:427,0
DA:428,0
DA:430,0
DA:431,0
DA:432,0
DA:433,0
DA:434,0
DA:435,0
DA:436,0
DA:438,0
DA:439,0
DA:440,0
DA:441,0
DA:442,0
DA:443,0
DA:444,0
DA:445,0
DA:446,0
DA:448,0
DA:451,1
DA:453,0
DA:455,0
DA:457,0
DA:458,0
DA:460,0
DA:462,0
DA:465,0
DA:467,0
DA:471,0
DA:473,0
DA:475,0
DA:478,0
DA:480,0
DA:484,0
DA:486,0
DA:488,0
DA:491,0
DA:493,0
DA:497,0
DA:500,0
DA:502,0
DA:505,0
DA:507,0
DA:510,0
DA:512,0
DA:516,0
DA:519,0
DA:521,0
DA:524,0
DA:526,0
DA:533,1
DA:535,0
DA:537,0
DA:539,0
DA:540,0
DA:541,0
DA:542,0
DA:544,0
DA:546,0
DA:547,0
DA:548,0
DA:550,0
DA:551,0
DA:554,0
DA:555,0
DA:558,0
DA:559,0
DA:562,0
DA:563,0
DA:566,0
DA:567,0
DA:570,0
DA:571,0
DA:574,0
DA:575,0
DA:578,0
DA:579,0
DA:582,0
DA:583,0
DA:586,0
DA:587,0
DA:590,0
DA:591,0
DA:594,0
DA:595,0
DA:599,0
DA:602,0
DA:604,0
DA:606,0
DA:608,0
DA:609,0
DA:611,0
DA:612,0
DA:614,0
DA:615,0
DA:617,0
DA:619,0
DA:620,0
DA:621,0
DA:622,0
DA:626,1
DA:628,0
DA:629,0
DA:630,0
DA:631,0
DA:635,1
DA:637,0
DA:639,0
DA:644,1
DA:646,0
DA:647,0
DA:648,0
DA:651,1
DA:653,0
DA:656,0
DA:659,0
DA:660,0
DA:663,0
DA:665,0
DA:667,0
DA:668,0
DA:670,0
DA:673,0
DA:675,0
DA:678,0
DA:679,0
DA:680,0
DA:683,0
DA:684,0
DA:685,0
DA:686,0
DA:688,0
DA:694,0
DA:695,0
DA:696,0
DA:697,0
DA:700,0
DA:701,0
DA:703,0
DA:704,0
DA:706,0
DA:709,0
DA:711,0
DA:712,0
DA:713,0
DA:714,0
DA:718,1
DA:720,0
DA:722,0
DA:724,0
DA:730,1
DA:732,0
DA:734,0
DA:735,0
DA:737,0
DA:739,0
DA:740,0
DA:744,0
DA:746,0
DA:748,0
DA:749,0
DA:752,0
DA:753,0
DA:755,0
DA:757,0
DA:759,0
DA:760,0
DA:763,0
DA:764,0
DA:766,0
DA:768,0
DA:770,0
DA:771,0
DA:774,0
DA:775,0
DA:777,0
DA:779,0
DA:781,0
DA:782,0
DA:785,0
DA:786,0
DA:788,0
DA:790,0
DA:791,0
DA:792,0
DA:796,0
DA:797,0
DA:800,0
DA:805,0
DA:807,0
DA:811,0
DA:813,0
DA:815,0
DA:817,0
DA:818,0
DA:821,0
DA:822,0
DA:824,0
DA:826,0
DA:828,0
DA:829,0
DA:832,0
DA:833,0
DA:835,0
DA:837,0
DA:839,0
DA:840,0
DA:843,0
DA:844,0
DA:846,0
DA:848,0
DA:850,0
DA:851,0
DA:854,0
DA:855,0
DA:857,0
DA:859,0
DA:860,0
DA:861,0
DA:865,0
DA:867,0
DA:870,0
DA:873,0
DA:874,0
DA:875,0
DA:876,0
DA:878,0
DA:880,0
DA:883,0
DA:885,0
DA:887,0
DA:888,0
DA:889,0
DA:891,0
DA:892,0
DA:894,0
DA:895,0
DA:898,0
DA:900,0
DA:901,0
DA:902,0
DA:906,1
DA:908,0
DA:911,0
DA:913,0
DA:916,0
DA:919,1
DA:921,0
DA:923,0
DA:925,0
DA:928,0
DA:931,0
DA:933,0
DA:936,0
DA:939,1
DA:941,0
DA:943,0
DA:944,0
DA:946,0
DA:949,0
DA:950,0
DA:952,0
DA:956,0
DA:957,0
DA:958,0
DA:960,0
DA:962,0
DA:966,0
DA:970,1
DA:972,0
DA:974,0
DA:975,0
DA:979,0
DA:980,0
DA:984,1
DA:986,0
DA:988,0
DA:989,0
DA:991,0
DA:992,0
DA:996,1
DA:998,0
DA:999,0
DA:1002,1
DA:1004,0
DA:1005,0
DA:1007,0
DA:1008,0
DA:1010,0
DA:1011,0
DA:1012,0
DA:1013,0
DA:1014,0
DA:1017,0
DA:1018,0
DA:1021,1
DA:1023,0
DA:1024,0
DA:1025,0
DA:1026,0
DA:1027,0
DA:1030,1
DA:1032,0
DA:1035,0
DA:1037,0
DA:1039,0
DA:1041,0
DA:1043,0
DA:1045,0
DA:1047,0
DA:1049,0
DA:1051,0
DA:1053,0
DA:1055,0
DA:1057,0
DA:1061,1
DA:1063,0
DA:1066,0
DA:1067,0
DA:1068,0
DA:1070,0
DA:1071,0
DA:1072,0
DA:1074,0
DA:1075,0
DA:1076,0
DA:1078,0
DA:1079,0
DA:1080,0
DA:1082,0
DA:1083,0
DA:1084,0
DA:1086,0
DA:1087,0
DA:1088,0
DA:1090,0
DA:1091,0
DA:1092,0
DA:1094,0
DA:1095,0
DA:1096,0
DA:1098,0
DA:1099,0
DA:1100,0
DA:1102,0
DA:1103,0
DA:1104,0
DA:1106,0
DA:1107,0
DA:1108,0
DA:1110,0
DA:1111,0
DA:1112,0
DA:1116,1
DA:1118,0
DA:1119,0
DA:1122,1
DA:1125,0
DA:1127,0
DA:1128,0
DA:1130,0
DA:1132,0
DA:1133,0
DA:1135,0
DA:1137,0
DA:1138,0
DA:1139,0
DA:1141,0
DA:1143,0
DA:1144,0
DA:1145,0
DA:1147,0
DA:1149,0
DA:1150,0
DA:1151,0
DA:1153,0
DA:1155,0
DA:1156,0
DA:1157,0
DA:1158,0
DA:1159,0
DA:1161,0
DA:1163,0
DA:1164,0
DA:1165,0
DA:1166,0
DA:1167,0
DA:1169,0
DA:1171,0
DA:1172,0
DA:1173,0
DA:1174,0
DA:1175,0
DA:1179,1
DA:1181,0
DA:1183,0
DA:1185,0
DA:1187,0
DA:1188,0
DA:1190,0
DA:1192,0
DA:1193,0
DA:1194,0
DA:1196,0
DA:1198,0
DA:1200,0
DA:1202,0
DA:1204,0
DA:1205,0
DA:1206,0
DA:1209,1
DA:1211,0
DA:1212,0
DA:1215,0
DA:1217,0
DA:1219,0
DA:1220,0
DA:1222,0
DA:1226,0
DA:1228,0
DA:1230,0
DA:1232,0
DA:1233,0
DA:1238,1
DA:1240,0
DA:1241,0
DA:1243,0
DA:1244,0
DA:1246,0
DA:1247,0
DA:1249,0
DA:1250,0
DA:1252,0
DA:1253,0
DA:1255,0
DA:1256,0
DA:1258,0
DA:1259,0
DA:1261,0
DA:1262,0
DA:1264,0
DA:1265,0
DA:1267,0
DA:1268,0
DA:1270,0
DA:1271,0
DA:1272,0
DA:1274,0
DA:1276,0
DA:1277,0
DA:1281,0
DA:1284,0
DA:1286,0
DA:1287,0
DA:1291,0
DA:1294,0
DA:1296,0
DA:1297,0
DA:1299,0
DA:1300,0
DA:1304,0
DA:1305,0
DA:1308,0
DA:1310,0
DA:1311,0
DA:1313,0
DA:1314,0
DA:1318,0
DA:1319,0
DA:1322,0
DA:1324,0
DA:1325,0
DA:1329,0
DA:1332,0
DA:1333,0
DA:1338,0
DA:1339,0
DA:1340,0
DA:1341,0
DA:1345,0
DA:1346,0
DA:1350,0
DA:1354,1
DA:1356,0
DA:1357,0
DA:1360,1
DA:1362,0
DA:1364,0
DA:1365,0
DA:1367,0
DA:1370,0
DA:1372,0
DA:1373,0
DA:1375,0
DA:1377,0
DA:1381,0
DA:1384,0
DA:1385,0
DA:1386,0
DA:1387,0
DA:1388,0
DA:1391,1
DA:1393,0
DA:1395,0
DA:1396,0
DA:1397,0
DA:1398,0
DA:1400,0
DA:1402,0
DA:1403,0
DA:1404,0
DA:1405,0
DA:1407,0
DA:1409,0
DA:1410,0
DA:1411,0
DA:1412,0
DA:1414,0
DA:1416,0
DA:1417,0
DA:1418,0
DA:1419,0
DA:1423,0
DA:1424,0
DA:1425,0
DA:1426,0
DA:1430,1
DA:1432,0
DA:1434,0
DA:1435,0
DA:1436,0
DA:1437,0
DA:1438,0
DA:1440,0
DA:1442,0
DA:1443,0
DA:1444,0
DA:1445,0
DA:1447,0
DA:1449,0
DA:1450,0
DA:1451,0
DA:1452,0
DA:1454,0
DA:1456,0
DA:1457,0
DA:1458,0
DA:1459,0
DA:1463,0
DA:1464,0
DA:1465,0
DA:1466,0
DA:1470,1
DA:1472,0
DA:1474,0
DA:1476,0
DA:1478,0
DA:1480,0
DA:1482,0
DA:1484,0
DA:1486,0
DA:1488,0
DA:1490,0
DA:1492,0
DA:1494,0
DA:1496,0
DA:1498,0
DA:1500,0
DA:1502,0
DA:1504,0
DA:1506,0
DA:1508,0
DA:1510,0
DA:1512,0
DA:1514,0
DA:1516,0
DA:1518,0
DA:1522,1
DA:1524,0
DA:1526,0
DA:1528,0
DA:1530,0
DA:1532,0
DA:1534,0
DA:1536,0
DA:1538,0
DA:1540,0
DA:1542,0
DA:1544,0
DA:1546,0
DA:1548,0
DA:1550,0
DA:1552,0
DA:1554,0
DA:1556,0
DA:1558,0
DA:1560,0
DA:1562,0
DA:1566,1
DA:1568,0
DA:1570,0
DA:1572,0
DA:1574,0
DA:1576,0
DA:1578,0
DA:1580,0
DA:1582,0
DA:1584,0
DA:1586,0
DA:1588,0
DA:1590,0
DA:1592,0
DA:1594,0
DA:1596,0
DA:1598,0
DA:1600,0
DA:1602,0
DA:1604,0
DA:1606,0
DA:1610,1
DA:1612,0
DA:1618,0
DA:1629,0
DA:1631,0
DA:1632,0
DA:1634,0
DA:1636,0
DA:1637,0
DA:1638,0
DA:1640,0
DA:1641,0
DA:1642,0
DA:1643,0
DA:1646,1
DA:1649,0
DA:1650,0
DA:1652,0
DA:1653,0
DA:1663,0
DA:1665,0
DA:1666,0
DA:1667,0
DA:1668,0
DA:1669,0
DA:1670,0
DA:1672,0
DA:1673,0
DA:1674,0
DA:1676,0
DA:1677,0
DA:1679,0
DA:1682,0
DA:1683,0
DA:1687,0
DA:1690,0
DA:1691,0
DA:1695,0
DA:1699,0
DA:1701,0
DA:1702,0
DA:1703,0
DA:1704,0
DA:1705,0
DA:1706,0
DA:1714,0
DA:1716,0
DA:1717,0
DA:1719,0
DA:1722,0
DA:1724,0
DA:1725,0
DA:1726,0
DA:1727,0
DA:1734,0
DA:1735,0
DA:1736,0
DA:1738,0
DA:1741,0
DA:1743,0
DA:1744,0
DA:1745,0
DA:1746,0
DA:1747,0
DA:1748,0
DA:1749,0
DA:1756,0
DA:1757,0
DA:1758,0
DA:1759,0
DA:1760,0
DA:1761,0
DA:1763,0
DA:1764,0
DA:1765,0
DA:1766,0
DA:1767,0
DA:1768,0
DA:1769,0
DA:1770,0
DA:1771,0
DA:1772,0
DA:1773,0
DA:1774,0
DA:1775,0
DA:1776,0
DA:1784,0
DA:1785,0
DA:1786,0
DA:1787,0
DA:1788,0
DA:1789,0
DA:1791,0
DA:1792,0
DA:1793,0
DA:1794,0
DA:1795,0
DA:1796,0
DA:1797,0
DA:1798,0
DA:1799,0
DA:1800,0
DA:1801,0
DA:1803,0
DA:1805,0
DA:1806,0
DA:1807,0
DA:1808,0
DA:1809,0
DA:1810,0
DA:1811,0
DA:1812,0
DA:1813,0
DA:1814,0
DA:1815,0
DA:1821,0
DA:1825,0
DA:1826,0
DA:1827,0
DA:1828,0
DA:1829,0
DA:1830,0
DA:1832,0
DA:1833,0
DA:1840,0
DA:1841,0
DA:1842,0
DA:1845,1
DA:1846,0
DA:1848,0
DA:1850,0
DA:1851,0
DA:1852,0
DA:1854,0
DA:1855,0
DA:1856,0
DA:1857,0
DA:1858,0
DA:1859,0
DA:1861,0
DA:1862,0
DA:1863,0
DA:1865,0
DA:1866,0
DA:1868,0
DA:1871,0
DA:1872,0
DA:1876,0
DA:1879,0
DA:1880,0
DA:1884,0
DA:1888,0
DA:1890,0
DA:1891,0
DA:1892,0
DA:1893,0
DA:1894,0
DA:1895,0
DA:1903,0
DA:1905,0
DA:1906,0
DA:1908,0
DA:1911,0
DA:1913,0
DA:1914,0
DA:1915,0
DA:1916,0
DA:1923,0
DA:1924,0
DA:1925,0
DA:1927,0
DA:1930,0
DA:1932,0
DA:1933,0
DA:1934,0
DA:1935,0
DA:1936,0
DA:1937,0
DA:1938,0
DA:1945,0
DA:1946,0
DA:1947,0
DA:1948,0
DA:1949,0
DA:1950,0
DA:1952,0
DA:1953,0
DA:1954,0
DA:1955,0
DA:1956,0
DA:1957,0
DA:1958,0
DA:1959,0
DA:1960,0
DA:1961,0
DA:1962,0
DA:1963,0
DA:1964,0
DA:1965,0
DA:1973,0
DA:1974,0
DA:1975,0
DA:1976,0
DA:1977,0
DA:1978,0
DA:1980,0
DA:1981,0
DA:1982,0
DA:1983,0
DA:1984,0
DA:1985,0
DA:1987,0
DA:1988,0
DA:1989,0
DA:1996,0
DA:1997,0
DA:1998,0
DA:2001,1
DA:2002,0
DA:2004,0
DA:2006,0
DA:2007,0
DA:2008,0
DA:2010,0
DA:2011,0
DA:2012,0
DA:2013,0
DA:2014,0
DA:2015,0
DA:2017,0
DA:2018,0
DA:2019,0
DA:2021,0
DA:2022,0
DA:2024,0
DA:2027,0
DA:2028,0
DA:2032,0
DA:2035,0
DA:2036,0
DA:2040,0
DA:2044,0
DA:2046,0
DA:2047,0
DA:2048,0
DA:2049,0
DA:2050,0
DA:2051,0
DA:2057,0
DA:2059,0
DA:2060,0
DA:2062,0
DA:2065,0
DA:2067,0
DA:2068,0
DA:2069,0
DA:2070,0
DA:2077,0
DA:2078,0
DA:2079,0
DA:2081,0
DA:2084,0
DA:2086,0
DA:2087,0
DA:2088,0
DA:2089,0
DA:2090,0
DA:2091,0
DA:2092,0
DA:2099,0
DA:2100,0
DA:2101,0
DA:2102,0
DA:2103,0
DA:2104,0
DA:2106,0
DA:2107,0
DA:2108,0
DA:2109,0
DA:2110,0
DA:2111,0
DA:2112,0
DA:2113,0
DA:2114,0
DA:2115,0
DA:2116,0
DA:2117,0
DA:2118,0
DA:2119,0
DA:2127,0
DA:2128,0
DA:2129,0
DA:2130,0
DA:2131,0
DA:2132,0
DA:2134,0
DA:2135,0
DA:2136,0
DA:2137,0
DA:2138,0
DA:2139,0
DA:2141,0
DA:2142,0
DA:2143,0
DA:2144,0
DA:2151,0
DA:2152,0
DA:2153,0
DA:2157,1
DA:2158,0
DA:2160,0
DA:2162,0
DA:2163,0
DA:2164,0
DA:2166,0
DA:2167,0
DA:2168,0
DA:2169,0
DA:2170,0
DA:2171,0
DA:2173,0
DA:2174,0
DA:2175,0
DA:2177,0
DA:2178,0
DA:2180,0
DA:2183,0
DA:2184,0
DA:2188,0
DA:2191,0
DA:2192,0
DA:2196,0
DA:2200,0
DA:2202,0
DA:2203,0
DA:2204,0
DA:2205,0
DA:2206,0
DA:2207,0
DA:2215,0
DA:2217,0
DA:2218,0
DA:2220,0
DA:2223,0
DA:2225,0
DA:2226,0
DA:2227,0
DA:2228,0
DA:2235,0
DA:2236,0
DA:2237,0
DA:2239,0
DA:2242,0
DA:2244,0
DA:2245,0
DA:2246,0
DA:2247,0
DA:2248,0
DA:2249,0
DA:2250,0
DA:2257,0
DA:2258,0
DA:2259,0
DA:2260,0
DA:2261,0
DA:2262,0
DA:2264,0
DA:2265,0
DA:2266,0
DA:2267,0
DA:2268,0
DA:2269,0
DA:2270,0
DA:2271,0
DA:2272,0
DA:2273,0
DA:2274,0
DA:2275,0
DA:2276,0
DA:2277,0
DA:2283,0
DA:2284,0
DA:2285,0
DA:2286,0
DA:2287,0
DA:2288,0
DA:2290,0
DA:2291,0
DA:2292,0
DA:2293,0
DA:2294,0
DA:2295,0
DA:2297,0
DA:2298,0
DA:2299,0
DA:2306,0
DA:2307,0
DA:2308,0
DA:2312,1
DA:2313,0
DA:2315,0
DA:2317,0
DA:2318,0
DA:2319,0
DA:2321,0
DA:2322,0
DA:2323,0
DA:2325,0
DA:2326,0
DA:2327,0
DA:2330,0
DA:2331,0
DA:2333,0
DA:2336,0
DA:2337,0
DA:2341,0
DA:2344,0
DA:2345,0
DA:2349,0
DA:2353,0
DA:2355,0
DA:2356,0
DA:2357,0
DA:2358,0
DA:2359,0
DA:2360,0
DA:2368,0
DA:2370,0
DA:2371,0
DA:2373,0
DA:2376,0
DA:2378,0
DA:2384,0
DA:2385,0
DA:2386,0
DA:2390,1
DA:2391,0
DA:2393,0
DA:2395,0
DA:2396,0
DA:2397,0
DA:2399,0
DA:2400,0
DA:2401,0
DA:2403,0
DA:2404,0
DA:2405,0
DA:2407,0
DA:2408,0
DA:2410,0
DA:2413,0
DA:2414,0
DA:2418,0
DA:2421,0
DA:2422,0
DA:2426,0
DA:2430,0
DA:2432,0
DA:2433,0
DA:2434,0
DA:2435,0
DA:2436,0
DA:2437,0
DA:2445,0
DA:2447,0
DA:2448,0
DA:2450,0
DA:2453,0
DA:2455,0
DA:2463,0
DA:2464,0
DA:2465,0
DA:2469,1
DA:2470,0
DA:2472,0
DA:2474,0
DA:2475,0
DA:2476,0
DA:2478,0
DA:2479,0
DA:2480,0
DA:2482,0
DA:2484,0
DA:2485,0
DA:2488,0
DA:2489,0
DA:2492,0
DA:2493,0
DA:2495,0
DA:2496,0
DA:2500,0
DA:2503,0
DA:2504,0
DA:2507,0
DA:2511,0
DA:2513,0
DA:2514,0
DA:2515,0
DA:2516,0
DA:2522,0
DA:2524,0
DA:2525,0
DA:2527,0
DA:2529,0
DA:2531,0
DA:2532,0
DA:2533,0
DA:2534,0
DA:2540,0
DA:2541,0
DA:2542,0
DA:2544,0
DA:2545,0
DA:2547,0
DA:2548,0
DA:2549,0
DA:2550,0
DA:2551,0
DA:2552,0
DA:2553,0
DA:2558,0
DA:2559,0
DA:2560,0
DA:2561,0
DA:2562,0
DA:2563,0
DA:2565,0
DA:2566,0
DA:2567,0
DA:2568,0
DA:2569,0
DA:2570,0
DA:2571,0
DA:2572,0
DA:2573,0
DA:2574,0
DA:2575,0
DA:2581,0
DA:2582,0
DA:2583,0
DA:2584,0
DA:2585,0
DA:2587,0
DA:2588,0
DA:2589,0
DA:2590,0
DA:2591,0
DA:2596,0
DA:2597,0
DA:2598,0
DA:2600,0
DA:2601,0
DA:2603,0
DA:2604,0
DA:2605,0
DA:2606,0
DA:2607,0
DA:2608,0
DA:2609,0
DA:2614,0
DA:2615,0
DA:2616,0
DA:2617,0
DA:2618,0
DA:2619,0
DA:2621,0
DA:2622,0
DA:2623,0
DA:2624,0
DA:2625,0
DA:2626,0
DA:2627,0
DA:2634,0
DA:2635,0
DA:2639,1
DA:2640,0
DA:2642,0
DA:2644,0
DA:2645,0
DA:2646,0
DA:2648,0
DA:2649,0
DA:2650,0
DA:2652,0
DA:2654,0
DA:2655,0
DA:2657,0
DA:2658,0
DA:2660,0
DA:2661,0
DA:2663,0
DA:2664,0
DA:2668,0
DA:2671,0
DA:2672,0
DA:2675,0
DA:2679,0
DA:2681,0
DA:2682,0
DA:2683,0
DA:2684,0
DA:2692,0
DA:2694,0
DA:2695,0
DA:2697,0
DA:2700,0
DA:2702,0
DA:2703,0
DA:2704,0
DA:2705,0
DA:2712,0
DA:2713,0
DA:2714,0
DA:2716,0
DA:2718,0
DA:2720,0
DA:2721,0
DA:2722,0
DA:2723,0
DA:2724,0
DA:2725,0
DA:2726,0
DA:2731,0
DA:2732,0
DA:2733,0
DA:2734,0
DA:2735,0
DA:2736,0
DA:2738,0
DA:2739,0
DA:2740,0
DA:2741,0
DA:2742,0
DA:2743,0
DA:2744,0
DA:2745,0
DA:2746,0
DA:2747,0
DA:2753,0
DA:2754,0
DA:2755,0
DA:2757,0
DA:2758,0
DA:2760,0
DA:2761,0
DA:2762,0
DA:2763,0
DA:2764,0
DA:2769,0
DA:2770,0
DA:2771,0
DA:2773,0
DA:2774,0
DA:2776,0
DA:2777,0
DA:2778,0
DA:2779,0
DA:2780,0
DA:2785,0
DA:2786,0
DA:2787,0
DA:2789,0
DA:2790,0
DA:2792,0
DA:2793,0
DA:2794,0
DA:2795,0
DA:2796,0
DA:2797,0
DA:2798,0
DA:2803,0
DA:2804,0
DA:2805,0
DA:2806,0
DA:2807,0
DA:2808,0
DA:2810,0
DA:2811,0
DA:2812,0
DA:2813,0
DA:2814,0
DA:2815,0
DA:2816,0
DA:2817,0
DA:2818,0
DA:2819,0
DA:2825,0
DA:2826,0
DA:2827,0
DA:2828,0
DA:2829,0
DA:2831,0
DA:2837,0
DA:2838,0
DA:2842,1
DA:2843,0
DA:2844,0
DA:2846,0
DA:2847,0
DA:2848,0
DA:2850,0
DA:2851,0
DA:2852,0
DA:2854,0
DA:2856,0
DA:2857,0
DA:2858,0
DA:2860,0
DA:2861,0
DA:2862,0
DA:2864,0
DA:2865,0
DA:2867,0
DA:2868,0
DA:2872,0
DA:2874,0
DA:2875,0
DA:2878,0
DA:2882,0
DA:2884,0
DA:2885,0
DA:2886,0
DA:2887,0
DA:2895,0
DA:2897,0
DA:2898,0
DA:2900,0
DA:2902,0
DA:2904,0
DA:2905,0
DA:2906,0
DA:2907,0
DA:2912,0
DA:2913,0
DA:2914,0
DA:2916,0
DA:2919,0
DA:2921,0
DA:2922,0
DA:2923,0
DA:2924,0
DA:2925,0
DA:2926,0
DA:2927,0
DA:2932,0
DA:2933,0
DA:2934,0
DA:2935,0
DA:2936,0
DA:2937,0
DA:2939,0
DA:2940,0
DA:2941,0
DA:2942,0
DA:2943,0
DA:2944,0
DA:2945,0
DA:2946,0
DA:2947,0
DA:2948,0
DA:2954,0
DA:2955,0
DA:2956,0
DA:2957,0
DA:2958,0
DA:2960,0
DA:2961,0
DA:2962,0
DA:2963,0
DA:2968,0
DA:2969,0
DA:2970,0
DA:2971,0
DA:2972,0
DA:2974,0
DA:2975,0
DA:2976,0
DA:2977,0
DA:2982,0
DA:2983,0
DA:2984,0
DA:2985,0
DA:2986,0
DA:2988,0
DA:2989,0
DA:2990,0
DA:2991,0
DA:2992,0
DA:2993,0
DA:2994,0
DA:2999,0
DA:3000,0
DA:3001,0
DA:3002,0
DA:3003,0
DA:3004,0
DA:3006,0
DA:3007,0
DA:3008,0
DA:3009,0
DA:3010,0
DA:3011,0
DA:3012,0
DA:3013,0
DA:3019,0
DA:3020,0
DA:3021,0
DA:3022,0
DA:3023,0
DA:3025,0
DA:3031,0
DA:3032,0
DA:3036,1
DA:3037,0
DA:3038,0
DA:3040,0
DA:3041,0
DA:3042,0
DA:3044,0
DA:3045,0
DA:3046,0
DA:3048,0
DA:3050,0
DA:3051,0
DA:3052,0
DA:3054,0
DA:3055,0
DA:3056,0
DA:3058,0
DA:3059,0
DA:3061,0
DA:3062,0
DA:3066,0
DA:3068,0
DA:3069,0
DA:3072,0
DA:3076,0
DA:3078,0
DA:3079,0
DA:3080,0
DA:3081,0
DA:3089,0
DA:3091,0
DA:3092,0
DA:3094,0
DA:3096,0
DA:3098,0
DA:3099,0
DA:3100,0
DA:3101,0
DA:3106,0
DA:3107,0
DA:3108,0
DA:3110,0
DA:3113,0
DA:3115,0
DA:3116,0
DA:3117,0
DA:3118,0
DA:3119,0
DA:3120,0
DA:3121,0
DA:3126,0
DA:3127,0
DA:3128,0
DA:3129,0
DA:3130,0
DA:3131,0
DA:3133,0
DA:3134,0
DA:3135,0
DA:3136,0
DA:3137,0
DA:3138,0
DA:3139,0
DA:3140,0
DA:3141,0
DA:3142,0
DA:3143,0
DA:3149,0
DA:3150,0
DA:3151,0
DA:3152,0
DA:3153,0
DA:3155,0
DA:3156,0
DA:3157,0
DA:3158,0
DA:3163,0
DA:3164,0
DA:3165,0
DA:3166,0
DA:3167,0
DA:3169,0
DA:3170,0
DA:3171,0
DA:3172,0
DA:3173,0
DA:3174,0
DA:3175,0
DA:3180,0
DA:3181,0
DA:3182,0
DA:3183,0
DA:3184,0
DA:3185,0
DA:3187,0
DA:3188,0
DA:3189,0
DA:3190,0
DA:3191,0
DA:3192,0
DA:3193,0
DA:3200,0
DA:3201,0
DA:3205,1
DA:3206,0
DA:3207,0
DA:3209,0
DA:3210,0
DA:3211,0
DA:3213,0
DA:3214,0
DA:3215,0
DA:3217,0
DA:3219,0
DA:3220,0
DA:3221,0
DA:3223,0
DA:3224,0
DA:3225,0
DA:3227,0
DA:3228,0
DA:3230,0
DA:3231,0
DA:3235,0
DA:3238,0
DA:3239,0
DA:3243,0
DA:3247,0
DA:3249,0
DA:3250,0
DA:3251,0
DA:3252,0
DA:3258,0
DA:3260,0
DA:3261,0
DA:3263,0
DA:3265,0
DA:3267,0
DA:3268,0
DA:3269,0
DA:3270,0
DA:3275,0
DA:3276,0
DA:3277,0
DA:3279,0
DA:3282,0
DA:3284,0
DA:3285,0
DA:3286,0
DA:3287,0
DA:3288,0
DA:3295,0
DA:3296,0
DA:3297,0
DA:3299,0
DA:3302,0
DA:3304,0
DA:3305,0
DA:3306,0
DA:3307,0
DA:3308,0
DA:3315,0
DA:3316,0
DA:3317,0
DA:3319,0
DA:3322,0
DA:3324,0
DA:3325,0
DA:3326,0
DA:3327,0
DA:3328,0
DA:3329,0
DA:3330,0
DA:3331,0
DA:3332,0
DA:3333,0
DA:3334,0
DA:3335,0
DA:3342,0
DA:3343,0
DA:3344,0
DA:3345,0
DA:3346,0
DA:3347,0
DA:3349,0
DA:3350,0
DA:3351,0
DA:3352,0
DA:3353,0
DA:3354,0
DA:3355,0
DA:3362,0
DA:3363,0
DA:3367,1
DA:3368,0
DA:3369,0
DA:3371,0
DA:3372,0
DA:3373,0
DA:3375,0
DA:3376,0
DA:3377,0
DA:3379,0
DA:3381,0
DA:3382,0
DA:3383,0
DA:3385,0
DA:3386,0
DA:3387,0
DA:3389,0
DA:3390,0
DA:3392,0
DA:3393,0
DA:3397,0
DA:3400,0
DA:3401,0
DA:3404,0
DA:3408,0
DA:3410,0
DA:3411,0
DA:3412,0
DA:3413,0
DA:3419,0
DA:3421,0
DA:3422,0
DA:3424,0
DA:3426,0
DA:3428,0
DA:3429,0
DA:3430,0
DA:3431,0
DA:3436,0
DA:3437,0
DA:3438,0
DA:3440,0
DA:3443,0
DA:3445,0
DA:3446,0
DA:3447,0
DA:3448,0
DA:3453,0
DA:3454,0
DA:3455,0
DA:3457,0
DA:3460,0
DA:3462,0
DA:3463,0
DA:3464,0
DA:3465,0
DA:3470,0
DA:3471,0
DA:3472,0
DA:3474,0
DA:3477,0
DA:3479,0
DA:3480,0
DA:3481,0
DA:3482,0
DA:3483,0
DA:3489,0
DA:3490,0
DA:3491,0
DA:3493,0
DA:3496,0
DA:3498,0
DA:3499,0
DA:3500,0
DA:3501,0
DA:3502,0
DA:3507,0
DA:3508,0
DA:3509,0
DA:3511,0
DA:3514,0
DA:3516,0
DA:3517,0
DA:3518,0
DA:3519,0
DA:3520,0
DA:3521,0
DA:3522,0
DA:3523,0
DA:3528,0
DA:3529,0
DA:3530,0
DA:3531,0
DA:3532,0
DA:3533,0
DA:3535,0
DA:3536,0
DA:3537,0
DA:3538,0
DA:3539,0
DA:3540,0
DA:3541,0
DA:3548,0
DA:3549,0
DA:3552,1
DA:3554,0
DA:3556,0
DA:3557,0
DA:3558,0
DA:3559,0
DA:3562,0
LF:2057
LH:49
BRDA:306,1,0,0
BRDA:306,1,1,0
BRDA:308,2,0,0
BRDA:308,2,1,0
BRDA:453,3,0,0
BRDA:453,3,1,0
BRDA:453,4,0,0
BRDA:453,4,1,0
BRDA:453,4,2,0
BRDA:453,4,3,0
BRDA:453,4,4,0
BRDA:453,4,5,0
BRDA:455,5,0,0
BRDA:455,5,1,0
BRDA:455,6,0,0
BRDA:455,6,1,0
BRDA:460,7,0,0
BRDA:460,7,1,0
BRDA:460,8,0,0
BRDA:460,8,1,0
BRDA:465,9,0,0
BRDA:465,9,1,0
BRDA:465,10,0,0
BRDA:465,10,1,0
BRDA:471,11,0,0
BRDA:471,11,1,0
BRDA:471,12,0,0
BRDA:471,12,1,0
BRDA:471,12,2,0
BRDA:471,12,3,0
BRDA:471,12,4,0
BRDA:471,12,5,0
BRDA:473,13,0,0
BRDA:473,13,1,0
BRDA:473,14,0,0
BRDA:473,14,1,0
BRDA:478,15,0,0
BRDA:478,15,1,0
BRDA:478,16,0,0
BRDA:478,16,1,0
BRDA:486,17,0,0
BRDA:486,17,1,0
BRDA:491,18,0,0
BRDA:491,18,1,0
BRDA:500,19,0,0
BRDA:500,19,1,0
BRDA:505,20,0,0
BRDA:505,20,1,0
BRDA:510,21,0,0
BRDA:510,21,1,0
BRDA:519,22,0,0
BRDA:519,22,1,0
BRDA:524,23,0,0
BRDA:524,23,1,0
BRDA:617,24,0,0
BRDA:617,24,1,0
BRDA:675,25,0,0
BRDA:675,25,1,0
BRDA:686,26,0,0
BRDA:686,26,1,0
BRDA:686,27,0,0
BRDA:686,27,1,0
BRDA:704,28,0,0
BRDA:704,28,1,0
BRDA:709,29,0,0
BRDA:709,29,1,0
BRDA:722,30,0,0
BRDA:722,30,1,0
BRDA:735,31,0,0
BRDA:735,31,1,0
BRDA:737,32,0,0
BRDA:737,32,1,0
BRDA:744,33,0,0
BRDA:744,33,1,0
BRDA:746,34,0,0
BRDA:746,34,1,0
BRDA:755,35,0,0
BRDA:755,35,1,0
BRDA:757,36,0,0
BRDA:757,36,1,0
BRDA:766,37,0,0
BRDA:766,37,1,0
BRDA:768,38,0,0
BRDA:768,38,1,0
BRDA:777,39,0,0
BRDA:777,39,1,0
BRDA:779,40,0,0
BRDA:779,40,1,0
BRDA:788,41,0,0
BRDA:788,41,1,0
BRDA:805,42,0,0
BRDA:805,42,1,0
BRDA:813,43,0,0
BRDA:813,43,1,0
BRDA:815,44,0,0
BRDA:815,44,1,0
BRDA:824,45,0,0
BRDA:824,45,1,0
BRDA:826,46,0,0
BRDA:826,46,1,0
BRDA:835,47,0,0
BRDA:835,47,1,0
BRDA:837,48,0,0
BRDA:837,48,1,0
BRDA:846,49,0,0
BRDA:846,49,1,0
BRDA:848,50,0,0
BRDA:848,50,1,0
BRDA:857,51,0,0
BRDA:857,51,1,0
BRDA:878,52,0,0
BRDA:878,52,1,0
BRDA:885,53,0,0
BRDA:885,53,1,0
BRDA:885,54,0,0
BRDA:885,54,1,0
BRDA:889,55,0,0
BRDA:889,55,1,0
BRDA:911,56,0,0
BRDA:911,56,1,0
BRDA:923,57,0,0
BRDA:923,57,1,0
BRDA:931,58,0,0
BRDA:931,58,1,0
BRDA:944,59,0,0
BRDA:944,59,1,0
BRDA:950,60,0,0
BRDA:950,60,1,0
BRDA:960,61,0,0
BRDA:960,61,1,0
BRDA:972,62,0,0
BRDA:972,62,1,0
BRDA:1032,63,0,0
BRDA:1032,63,1,0
BRDA:1032,63,2,0
BRDA:1032,63,3,0
BRDA:1032,63,4,0
BRDA:1032,63,5,0
BRDA:1032,63,6,0
BRDA:1032,63,7,0
BRDA:1032,63,8,0
BRDA:1032,63,9,0
BRDA:1032,63,10,0
BRDA:1032,63,11,0
BRDA:1063,64,0,0
BRDA:1063,64,1,0
BRDA:1063,64,2,0
BRDA:1063,64,3,0
BRDA:1063,64,4,0
BRDA:1063,64,5,0
BRDA:1063,64,6,0
BRDA:1063,64,7,0
BRDA:1063,64,8,0
BRDA:1063,64,9,0
BRDA:1063,64,10,0
BRDA:1063,64,11,0
BRDA:1125,65,0,0
BRDA:1125,65,1,0
BRDA:1125,66,0,0
BRDA:1125,66,1,0
BRDA:1130,67,0,0
BRDA:1130,67,1,0
BRDA:1135,68,0,0
BRDA:1135,68,1,0
BRDA:1141,69,0,0
BRDA:1141,69,1,0
BRDA:1147,70,0,0
BRDA:1147,70,1,0
BRDA:1153,71,0,0
BRDA:1153,71,1,0
BRDA:1153,72,0,0
BRDA:1153,72,1,0
BRDA:1161,73,0,0
BRDA:1161,73,1,0
BRDA:1161,74,0,0
BRDA:1161,74,1,0
BRDA:1169,75,0,0
BRDA:1169,75,1,0
BRDA:1169,76,0,0
BRDA:1169,76,1,0
BRDA:1181,77,0,0
BRDA:1181,77,1,0
BRDA:1181,78,0,0
BRDA:1181,78,1,0
BRDA:1181,78,2,0
BRDA:1181,78,3,0
BRDA:1185,79,0,0
BRDA:1185,79,1,0
BRDA:1185,80,0,0
BRDA:1185,80,1,0
BRDA:1190,81,0,0
BRDA:1190,81,1,0
BRDA:1190,82,0,0
BRDA:1190,82,1,0
BRDA:1196,83,0,0
BRDA:1196,83,1,0
BRDA:1196,84,0,0
BRDA:1196,84,1,0
BRDA:1200,85,0,0
BRDA:1200,85,1,0
BRDA:1200,86,0,0
BRDA:1200,86,1,0
BRDA:1220,87,0,0
BRDA:1220,87,1,0
BRDA:1274,88,0,0
BRDA:1274,88,1,0
BRDA:1284,89,0,0
BRDA:1284,89,1,0
BRDA:1294,90,0,0
BRDA:1294,90,1,0
BRDA:1308,91,0,0
BRDA:1308,91,1,0
BRDA:1322,92,0,0
BRDA:1322,92,1,0
BRDA:1333,93,0,0
BRDA:1333,93,1,0
BRDA:1365,94,0,0
BRDA:1365,94,1,0
BRDA:1365,95,0,0
BRDA:1365,95,1,0
BRDA:1365,95,2,0
BRDA:1365,95,3,0
BRDA:1375,96,0,0
BRDA:1375,96,1,0
BRDA:1393,97,0,0
BRDA:1393,97,1,0
BRDA:1393,98,0,0
BRDA:1393,98,1,0
BRDA:1393,98,2,0
BRDA:1393,98,3,0
BRDA:1400,99,0,0
BRDA:1400,99,1,0
BRDA:1400,100,0,0
BRDA:1400,100,1,0
BRDA:1407,101,0,0
BRDA:1407,101,1,0
BRDA:1407,102,0,0
BRDA:1407,102,1,0
BRDA:1414,103,0,0
BRDA:1414,103,1,0
BRDA:1414,104,0,0
BRDA:1414,104,1,0
BRDA:1432,105,0,0
BRDA:1432,105,1,0
BRDA:1432,106,0,0
BRDA:1432,106,1,0
BRDA:1432,106,2,0
BRDA:1432,106,3,0
BRDA:1440,107,0,0
BRDA:1440,107,1,0
BRDA:1440,108,0,0
BRDA:1440,108,1,0
BRDA:1447,109,0,0
BRDA:1447,109,1,0
BRDA:1447,110,0,0
BRDA:1447,110,1,0
BRDA:1454,111,0,0
BRDA:1454,111,1,0
BRDA:1454,112,0,0
BRDA:1454,112,1,0
BRDA:1472,113,0,0
BRDA:1472,113,1,0
BRDA:1476,114,0,0
BRDA:1476,114,1,0
BRDA:1480,115,0,0
BRDA:1480,115,1,0
BRDA:1484,116,0,0
BRDA:1484,116,1,0
BRDA:1488,117,0,0
BRDA:1488,117,1,0
BRDA:1492,118,0,0
BRDA:1492,118,1,0
BRDA:1496,119,0,0
BRDA:1496,119,1,0
BRDA:1500,120,0,0
BRDA:1500,120,1,0
BRDA:1504,121,0,0
BRDA:1504,121,1,0
BRDA:1508,122,0,0
BRDA:1508,122,1,0
BRDA:1512,123,0,0
BRDA:1512,123,1,0
BRDA:1516,124,0,0
BRDA:1516,124,1,0
BRDA:1524,125,0,0
BRDA:1524,125,1,0
BRDA:1528,126,0,0
BRDA:1528,126,1,0
BRDA:1532,127,0,0
BRDA:1532,127,1,0
BRDA:1536,128,0,0
BRDA:1536,128,1,0
BRDA:1540,129,0,0
BRDA:1540,129,1,0
BRDA:1544,130,0,0
BRDA:1544,130,1,0
BRDA:1548,131,0,0
BRDA:1548,131,1,0
BRDA:1552,132,0,0
BRDA:1552,132,1,0
BRDA:1556,133,0,0
BRDA:1556,133,1,0
BRDA:1556,134,0,0
BRDA:1556,134,1,0
BRDA:1560,135,0,0
BRDA:1560,135,1,0
BRDA:1560,136,0,0
BRDA:1560,136,1,0
BRDA:1568,137,0,0
BRDA:1568,137,1,0
BRDA:1572,138,0,0
BRDA:1572,138,1,0
BRDA:1576,139,0,0
BRDA:1576,139,1,0
BRDA:1580,140,0,0
BRDA:1580,140,1,0
BRDA:1584,141,0,0
BRDA:1584,141,1,0
BRDA:1588,142,0,0
BRDA:1588,142,1,0
BRDA:1592,143,0,0
BRDA:1592,143,1,0
BRDA:1596,144,0,0
BRDA:1596,144,1,0
BRDA:1600,145,0,0
BRDA:1600,145,1,0
BRDA:1600,146,0,0
BRDA:1600,146,1,0
BRDA:1604,147,0,0
BRDA:1604,147,1,0
BRDA:1604,148,0,0
BRDA:1604,148,1,0
BRDA:1699,149,0,0
BRDA:1699,149,1,0
BRDA:1722,150,0,0
BRDA:1722,150,1,0
BRDA:1741,151,0,0
BRDA:1741,151,1,0
BRDA:1761,152,0,0
BRDA:1761,152,1,0
BRDA:1789,153,0,0
BRDA:1789,153,1,0
BRDA:1830,154,0,0
BRDA:1830,154,1,0
BRDA:1888,155,0,0
BRDA:1888,155,1,0
BRDA:1911,156,0,0
BRDA:1911,156,1,0
BRDA:1930,157,0,0
BRDA:1930,157,1,0
BRDA:1950,158,0,0
BRDA:1950,158,1,0
BRDA:1978,159,0,0
BRDA:1978,159,1,0
BRDA:2044,160,0,0
BRDA:2044,160,1,0
BRDA:2065,161,0,0
BRDA:2065,161,1,0
BRDA:2084,162,0,0
BRDA:2084,162,1,0
BRDA:2104,163,0,0
BRDA:2104,163,1,0
BRDA:2132,164,0,0
BRDA:2132,164,1,0
BRDA:2200,165,0,0
BRDA:2200,165,1,0
BRDA:2223,166,0,0
BRDA:2223,166,1,0
BRDA:2242,167,0,0
BRDA:2242,167,1,0
BRDA:2262,168,0,0
BRDA:2262,168,1,0
BRDA:2288,169,0,0
BRDA:2288,169,1,0
BRDA:2353,170,0,0
BRDA:2353,170,1,0
BRDA:2376,171,0,0
BRDA:2376,171,1,0
BRDA:2430,172,0,0
BRDA:2430,172,1,0
BRDA:2453,173,0,0
BRDA:2453,173,1,0
BRDA:2511,174,0,0
BRDA:2511,174,1,0
BRDA:2529,175,0,0
BRDA:2529,175,1,0
BRDA:2545,176,0,0
BRDA:2545,176,1,0
BRDA:2563,177,0,0
BRDA:2563,177,1,0
BRDA:2585,178,0,0
BRDA:2585,178,1,0
BRDA:2601,179,0,0
BRDA:2601,179,1,0
BRDA:2619,180,0,0
BRDA:2619,180,1,0
BRDA:2679,181,0,0
BRDA:2679,181,1,0
BRDA:2700,182,0,0
BRDA:2700,182,1,0
BRDA:2718,183,0,0
BRDA:2718,183,1,0
BRDA:2736,184,0,0
BRDA:2736,184,1,0
BRDA:2736,185,0,0
BRDA:2736,185,1,0
BRDA:2758,186,0,0
BRDA:2758,186,1,0
BRDA:2774,187,0,0
BRDA:2774,187,1,0
BRDA:2790,188,0,0
BRDA:2790,188,1,0
BRDA:2808,189,0,0
BRDA:2808,189,1,0
BRDA:2808,190,0,0
BRDA:2808,190,1,0
BRDA:2829,191,0,0
BRDA:2829,191,1,0
BRDA:2882,192,0,0
BRDA:2882,192,1,0
BRDA:2902,193,0,0
BRDA:2902,193,1,0
BRDA:2919,194,0,0
BRDA:2919,194,1,0
BRDA:2937,195,0,0
BRDA:2937,195,1,0
BRDA:2937,196,0,0
BRDA:2937,196,1,0
BRDA:2958,197,0,0
BRDA:2958,197,1,0
BRDA:2972,198,0,0
BRDA:2972,198,1,0
BRDA:2986,199,0,0
BRDA:2986,199,1,0
BRDA:3004,200,0,0
BRDA:3004,200,1,0
BRDA:3004,201,0,0
BRDA:3004,201,1,0
BRDA:3023,202,0,0
BRDA:3023,202,1,0
BRDA:3076,203,0,0
BRDA:3076,203,1,0
BRDA:3096,204,0,0
BRDA:3096,204,1,0
BRDA:3113,205,0,0
BRDA:3113,205,1,0
BRDA:3131,206,0,0
BRDA:3131,206,1,0
BRDA:3131,207,0,0
BRDA:3131,207,1,0
BRDA:3153,208,0,0
BRDA:3153,208,1,0
BRDA:3167,209,0,0
BRDA:3167,209,1,0
BRDA:3185,210,0,0
BRDA:3185,210,1,0
BRDA:3185,211,0,0
BRDA:3185,211,1,0
BRDA:3247,212,0,0
BRDA:3247,212,1,0
BRDA:3265,213,0,0
BRDA:3265,213,1,0
BRDA:3282,214,0,0
BRDA:3282,214,1,0
BRDA:3302,215,0,0
BRDA:3302,215,1,0
BRDA:3322,216,0,0
BRDA:3322,216,1,0
BRDA:3347,217,0,0
BRDA:3347,217,1,0
BRDA:3347,218,0,0
BRDA:3347,218,1,0
BRDA:3408,219,0,0
BRDA:3408,219,1,0
BRDA:3426,220,0,0
BRDA:3426,220,1,0
BRDA:3443,221,0,0
BRDA:3443,221,1,0
BRDA:3460,222,0,0
BRDA:3460,222,1,0
BRDA:3477,223,0,0
BRDA:3477,223,1,0
BRDA:3496,224,0,0
BRDA:3496,224,1,0
BRDA:3514,225,0,0
BRDA:3514,225,1,0
BRDA:3533,226,0,0
BRDA:3533,226,1,0
BRDA:3533,227,0,0
BRDA:3533,227,1,0
BRF:490
BRH:0
end_of_record
